[14.11.15 00:21:54] Loaded Event: Apil Fool's Day [state: deactivated]
[14.11.15 00:21:54] Loaded Event: Cataclizm Aden
[14.11.15 00:21:54] Loaded Event: Cataclizm Dion
[14.11.15 00:21:54] Loaded Event: Cataclizm Giran
[14.11.15 00:21:54] Loaded Event: Cataclizm Gludio
[14.11.15 00:21:54] Loaded Event: Cataclizm Goddart
[14.11.15 00:21:54] Loaded Event: Cataclizm Heine
[14.11.15 00:21:54] Loaded Event: Cataclizm Oren
[14.11.15 00:21:54] Loaded Event: Cataclizm Rune
[14.11.15 00:21:54] Loaded Event: Cataclizm Schuttgard
[14.11.15 00:21:54] Loaded ChampionDropItems: ChampionDropItems [state: activated]
[14.11.15 00:21:54] Loaded Event: Christmas [state: deactivated]
[14.11.15 00:21:54] Loaded Event: Coffer of Shadows [state: deactivated]
[14.11.15 00:21:54] Loaded CustomDropItems: CustomDropItems [state: deactivated]
[14.11.15 00:21:54] Loaded Event: DeathMatch
[14.11.15 00:21:54] Loaded Event: DestructionOfFlag
[14.11.15 00:21:54] Loaded Event: Fight Club
[14.11.15 00:21:54] Loaded Event: Freya Celebration [state: deactivated]
[14.11.15 00:21:54] Loaded Event: Gift Of Vitality [state: deactivated]
[14.11.15 00:21:54] Loaded Event: GvG
[14.11.15 00:21:54] Loaded Event: Hitman
[14.11.15 00:21:54] Loaded Event: Hunting for Sharks [state: deactivated]
[14.11.15 00:21:54] Loaded Event: L2Coins [state: deactivated]
[14.11.15 00:21:54] Loaded Event: Luck NPC
[14.11.15 00:21:54] Loaded Event: March 8 [state: deactivated]
[14.11.15 00:21:54] Loaded Event: Master of Enchanting [state: deactivated]
[14.11.15 00:21:54] Loaded Event: PcCafePointsExchange [state: deactivated]
[14.11.15 00:21:54] Loaded Event: SavingSnowman [state: deactivated]
[14.11.15 00:21:54] Loaded Event: TVT Arena 1 [state: started]
[14.11.15 00:21:54] Loaded Event: TVT Arena 2 [state: started]
[14.11.15 00:21:54] Loaded Event: TVT Arena 3 [state: started]
[14.11.15 00:21:54] Loaded Event: TVT Arena 4 [state: started]
[14.11.15 00:21:54] Loaded Event: TVT Arena 5 [state: started]
[14.11.15 00:21:54] Loaded Event: The Fall Harvest [state: deactivated]
[14.11.15 00:21:54] Loaded Event: The Flow Of The Horror [state: deactivated]
[14.11.15 00:21:54] Loaded Event: Trick of Trnasmutation [state: deactivated]
[14.11.15 00:21:54] Loaded Event: TvT
[14.11.15 00:21:54] Loaded Event: Viktorina
[14.11.15 00:21:54] Loaded Event: Bounty Hunters Guild
[14.11.15 00:21:54] Loaded Event: L2 Medal Collection Event [state: deactivated]
[14.11.15 00:21:54] Loaded Event: Change of Heart[state: deactivated]
[14.11.15 00:21:54] Loaded Event: null [state: deactivated]
[14.11.15 00:21:54] Loaded Event: l2day [state: deactivated]
[14.11.15 00:21:54] Loaded Event: Last Hero
[14.11.15 00:21:54] Loaded Event: Transport [state: deactivated]
[14.11.15 00:22:19] Start Viktorina: Sat Nov 14 22:01:00 MSK 2015
[14.11.15 00:22:19] Stop Viktorina: Sun Nov 15 00:01:00 MSK 2015
[14.11.15 00:50:54] Loaded Event: Apil Fool's Day [state: deactivated]
[14.11.15 00:50:54] Loaded Event: Cataclizm Aden
[14.11.15 00:50:54] Loaded Event: Cataclizm Dion
[14.11.15 00:50:54] Loaded Event: Cataclizm Giran
[14.11.15 00:50:54] Loaded Event: Cataclizm Gludio
[14.11.15 00:50:54] Loaded Event: Cataclizm Goddart
[14.11.15 00:50:54] Loaded Event: Cataclizm Heine
[14.11.15 00:50:54] Loaded Event: Cataclizm Oren
[14.11.15 00:50:54] Loaded Event: Cataclizm Rune
[14.11.15 00:50:54] Loaded Event: Cataclizm Schuttgard
[14.11.15 00:50:54] Loaded ChampionDropItems: ChampionDropItems [state: activated]
[14.11.15 00:50:54] Loaded Event: Christmas [state: activated]
[14.11.15 00:50:54] Loaded Event: Coffer of Shadows [state: deactivated]
[14.11.15 00:50:54] Loaded CustomDropItems: CustomDropItems [state: deactivated]
[14.11.15 00:50:54] Loaded Event: DeathMatch
[14.11.15 00:50:54] Loaded Event: DestructionOfFlag
[14.11.15 00:50:54] Loaded Event: Fight Club
[14.11.15 00:50:54] Loaded Event: Freya Celebration [state: deactivated]
[14.11.15 00:50:54] Loaded Event: Gift Of Vitality [state: deactivated]
[14.11.15 00:50:54] Loaded Event: GvG
[14.11.15 00:50:54] Loaded Event: Hitman
[14.11.15 00:50:54] Loaded Event: Hunting for Sharks [state: deactivated]
[14.11.15 00:50:54] Loaded Event: L2Coins [state: deactivated]
[14.11.15 00:50:54] Loaded Event: Luck NPC
[14.11.15 00:50:54] Loaded Event: March 8 [state: deactivated]
[14.11.15 00:50:54] Loaded Event: Master of Enchanting [state: deactivated]
[14.11.15 00:50:54] Loaded Event: PcCafePointsExchange [state: deactivated]
[14.11.15 00:50:54] Loaded Event: SavingSnowman [state: deactivated]
[14.11.15 00:50:54] Loaded Event: TVT Arena 1 [state: started]
[14.11.15 00:50:54] Loaded Event: TVT Arena 2 [state: started]
[14.11.15 00:50:54] Loaded Event: TVT Arena 3 [state: started]
[14.11.15 00:50:54] Loaded Event: TVT Arena 4 [state: started]
[14.11.15 00:50:54] Loaded Event: TVT Arena 5 [state: started]
[14.11.15 00:50:54] Loaded Event: The Fall Harvest [state: deactivated]
[14.11.15 00:50:54] Loaded Event: The Flow Of The Horror [state: deactivated]
[14.11.15 00:50:54] Loaded Event: Trick of Trnasmutation [state: deactivated]
[14.11.15 00:50:54] Loaded Event: TvT
[14.11.15 00:50:54] Loaded Event: Viktorina
[14.11.15 00:50:54] Loaded Event: Bounty Hunters Guild
[14.11.15 00:50:54] Loaded Event: L2 Medal Collection Event [state: deactivated]
[14.11.15 00:50:54] Loaded Event: Change of Heart[state: deactivated]
[14.11.15 00:50:54] Loaded Event: null [state: deactivated]
[14.11.15 00:50:54] Loaded Event: l2day [state: deactivated]
[14.11.15 00:50:54] Loaded Event: Last Hero
[14.11.15 00:50:54] Loaded Event: Transport [state: deactivated]
[14.11.15 00:51:19] Start Viktorina: Sat Nov 14 22:01:00 MSK 2015
[14.11.15 00:51:19] Stop Viktorina: Sun Nov 15 00:01:00 MSK 2015
[14.11.15 00:55:16] Event 'LuckNPC' activated.
[14.11.15 00:55:50] Event DefenseTowns: Start
[14.11.15 01:17:05] Loaded Event: Apil Fool's Day [state: deactivated]
[14.11.15 01:17:05] Loaded Event: Cataclizm Aden
[14.11.15 01:17:05] Loaded Event: Cataclizm Dion
[14.11.15 01:17:05] Loaded Event: Cataclizm Giran
[14.11.15 01:17:05] Loaded Event: Cataclizm Gludio
[14.11.15 01:17:05] Loaded Event: Cataclizm Goddart
[14.11.15 01:17:05] Loaded Event: Cataclizm Heine
[14.11.15 01:17:05] Loaded Event: Cataclizm Oren
[14.11.15 01:17:05] Loaded Event: Cataclizm Rune
[14.11.15 01:17:05] Loaded Event: Cataclizm Schuttgard
[14.11.15 01:17:05] Loaded ChampionDropItems: ChampionDropItems [state: activated]
[14.11.15 01:17:05] Loaded Event: Christmas [state: activated]
[14.11.15 01:17:05] Loaded Event: Coffer of Shadows [state: deactivated]
[14.11.15 01:17:05] Loaded CustomDropItems: CustomDropItems [state: deactivated]
[14.11.15 01:17:05] Loaded Event: DeathMatch
[14.11.15 01:17:05] Loaded Event: DestructionOfFlag
[14.11.15 01:17:05] Loaded Event: Fight Club
[14.11.15 01:17:05] Loaded Event: Freya Celebration [state: deactivated]
[14.11.15 01:17:05] Loaded Event: Gift Of Vitality [state: deactivated]
[14.11.15 01:17:05] Loaded Event: GvG
[14.11.15 01:17:05] Loaded Event: Hitman
[14.11.15 01:17:05] Loaded Event: Hunting for Sharks [state: deactivated]
[14.11.15 01:17:05] Loaded Event: L2Coins [state: deactivated]
[14.11.15 01:17:05] Loaded Event: Luck NPC
[14.11.15 01:17:05] Loaded Event: March 8 [state: deactivated]
[14.11.15 01:17:05] Loaded Event: Master of Enchanting [state: deactivated]
[14.11.15 01:17:05] Loaded Event: PcCafePointsExchange [state: deactivated]
[14.11.15 01:17:05] Loaded Event: SavingSnowman [state: deactivated]
[14.11.15 01:17:05] Loaded Event: TVT Arena 1 [state: started]
[14.11.15 01:17:05] Loaded Event: TVT Arena 2 [state: started]
[14.11.15 01:17:05] Loaded Event: TVT Arena 3 [state: started]
[14.11.15 01:17:05] Loaded Event: TVT Arena 4 [state: started]
[14.11.15 01:17:05] Loaded Event: TVT Arena 5 [state: started]
[14.11.15 01:17:05] Loaded Event: The Fall Harvest [state: deactivated]
[14.11.15 01:17:05] Loaded Event: The Flow Of The Horror [state: deactivated]
[14.11.15 01:17:05] Loaded Event: Trick of Trnasmutation [state: activated]
[14.11.15 01:17:05] Loaded Event: TvT
[14.11.15 01:17:05] Loaded Event: Viktorina
[14.11.15 01:17:05] Loaded Event: Bounty Hunters Guild
[14.11.15 01:17:05] Loaded Event: L2 Medal Collection Event [state: deactivated]
[14.11.15 01:17:05] Loaded Event: Change of Heart[state: deactivated]
[14.11.15 01:17:05] Loaded Event: null [state: deactivated]
[14.11.15 01:17:05] Loaded Event: l2day [state: deactivated]
[14.11.15 01:17:05] Loaded Event: Last Hero
[14.11.15 01:17:05] Loaded Event: Transport [state: deactivated]
[14.11.15 01:17:30] Start Viktorina: Sat Nov 14 22:01:00 MSK 2015
[14.11.15 01:17:30] Stop Viktorina: Sun Nov 15 00:01:00 MSK 2015
[14.11.15 02:33:56] Viktorina Stoped.
[14.11.15 02:33:56] Continue Viktorina: Sun Nov 15 22:01:00 MSK 2015|Stop Viktorina: Mon Nov 16 00:01:00 MSK 2015
[14.11.15 15:34:42] Loaded Event: Apil Fool's Day [state: activated]
[14.11.15 15:34:42] Loaded Event: Cataclizm Aden
[14.11.15 15:34:42] Loaded Event: Cataclizm Dion
[14.11.15 15:34:42] Loaded Event: Cataclizm Giran
[14.11.15 15:34:42] Loaded Event: Cataclizm Gludio
[14.11.15 15:34:42] Loaded Event: Cataclizm Goddart
[14.11.15 15:34:42] Loaded Event: Cataclizm Heine
[14.11.15 15:34:42] Loaded Event: Cataclizm Oren
[14.11.15 15:34:42] Loaded Event: Cataclizm Rune
[14.11.15 15:34:42] Loaded Event: Cataclizm Schuttgard
[14.11.15 15:34:42] Loaded ChampionDropItems: ChampionDropItems [state: activated]
[14.11.15 15:34:42] Loaded Event: Christmas [state: activated]
[14.11.15 15:34:43] Loaded Event: Coffer of Shadows [state: deactivated]
[14.11.15 15:34:43] Loaded CustomDropItems: CustomDropItems [state: deactivated]
[14.11.15 15:34:43] Loaded Event: DeathMatch
[14.11.15 15:34:43] Loaded Event: DestructionOfFlag
[14.11.15 15:34:43] Loaded Event: Fight Club
[14.11.15 15:34:43] Loaded Event: Freya Celebration [state: deactivated]
[14.11.15 15:34:43] Loaded Event: Gift Of Vitality [state: deactivated]
[14.11.15 15:34:43] Loaded Event: GvG
[14.11.15 15:34:43] Loaded Event: Hitman
[14.11.15 15:34:43] Loaded Event: Hunting for Sharks [state: deactivated]
[14.11.15 15:34:43] Loaded Event: L2Coins [state: deactivated]
[14.11.15 15:34:43] Loaded Event: Luck NPC
[14.11.15 15:34:43] Loaded Event: March 8 [state: deactivated]
[14.11.15 15:34:43] Loaded Event: Master of Enchanting [state: deactivated]
[14.11.15 15:34:43] Loaded Event: PcCafePointsExchange [state: deactivated]
[14.11.15 15:34:43] Loaded Event: SavingSnowman [state: deactivated]
[14.11.15 15:34:43] Loaded Event: TVT Arena 1 [state: started]
[14.11.15 15:34:43] Loaded Event: TVT Arena 2 [state: started]
[14.11.15 15:34:43] Loaded Event: TVT Arena 3 [state: started]
[14.11.15 15:34:43] Loaded Event: TVT Arena 4 [state: started]
[14.11.15 15:34:43] Loaded Event: TVT Arena 5 [state: started]
[14.11.15 15:34:43] Loaded Event: The Fall Harvest [state: deactivated]
[14.11.15 15:34:43] Loaded Event: The Flow Of The Horror [state: deactivated]
[14.11.15 15:34:43] Loaded Event: Trick of Trnasmutation [state: activated]
[14.11.15 15:34:43] Loaded Event: TvT
[14.11.15 15:34:43] Loaded Event: Viktorina
[14.11.15 15:34:43] Loaded Event: Bounty Hunters Guild
[14.11.15 15:34:43] Loaded Event: L2 Medal Collection Event [state: deactivated]
[14.11.15 15:34:43] Loaded Event: Change of Heart[state: deactivated]
[14.11.15 15:34:43] Loaded Event: null [state: deactivated]
[14.11.15 15:34:43] Loaded Event: l2day [state: deactivated]
[14.11.15 15:34:43] Loaded Event: Last Hero
[14.11.15 15:34:43] Loaded Event: Transport [state: deactivated]
[14.11.15 15:35:08] Start Viktorina: Sat Nov 14 22:01:00 MSK 2015
[14.11.15 15:35:08] Stop Viktorina: Sun Nov 15 00:01:00 MSK 2015
[14.11.15 17:30:00] DestructionOfFlag: is not Active
[14.11.15 18:11:04] Loaded Event: Apil Fool's Day [state: activated]
[14.11.15 18:11:04] Loaded Event: Cataclizm Aden
[14.11.15 18:11:04] Loaded Event: Cataclizm Dion
[14.11.15 18:11:04] Loaded Event: Cataclizm Giran
[14.11.15 18:11:04] Loaded Event: Cataclizm Gludio
[14.11.15 18:11:04] Loaded Event: Cataclizm Goddart
[14.11.15 18:11:04] Loaded Event: Cataclizm Heine
[14.11.15 18:11:04] Loaded Event: Cataclizm Oren
[14.11.15 18:11:04] Loaded Event: Cataclizm Rune
[14.11.15 18:11:04] Loaded Event: Cataclizm Schuttgard
[14.11.15 18:11:04] Loaded ChampionDropItems: ChampionDropItems [state: activated]
[14.11.15 18:11:04] Loaded Event: Christmas [state: activated]
[14.11.15 18:11:04] Loaded Event: Coffer of Shadows [state: deactivated]
[14.11.15 18:11:04] Loaded CustomDropItems: CustomDropItems [state: deactivated]
[14.11.15 18:11:04] Loaded Event: DeathMatch
[14.11.15 18:11:04] Loaded Event: DestructionOfFlag
[14.11.15 18:11:04] Loaded Event: Fight Club
[14.11.15 18:11:04] Loaded Event: Freya Celebration [state: deactivated]
[14.11.15 18:11:04] Loaded Event: Gift Of Vitality [state: deactivated]
[14.11.15 18:11:04] Loaded Event: GvG
[14.11.15 18:11:04] Loaded Event: Hitman
[14.11.15 18:11:04] Loaded Event: Hunting for Sharks [state: deactivated]
[14.11.15 18:11:04] Loaded Event: L2Coins [state: deactivated]
[14.11.15 18:11:04] Loaded Event: Luck NPC
[14.11.15 18:11:04] Loaded Event: March 8 [state: deactivated]
[14.11.15 18:11:04] Loaded Event: Master of Enchanting [state: deactivated]
[14.11.15 18:11:04] Loaded Event: PcCafePointsExchange [state: deactivated]
[14.11.15 18:11:04] Loaded Event: SavingSnowman [state: deactivated]
[14.11.15 18:11:04] Loaded Event: TVT Arena 1 [state: started]
[14.11.15 18:11:04] Loaded Event: TVT Arena 2 [state: started]
[14.11.15 18:11:04] Loaded Event: TVT Arena 3 [state: started]
[14.11.15 18:11:04] Loaded Event: TVT Arena 4 [state: started]
[14.11.15 18:11:04] Loaded Event: TVT Arena 5 [state: started]
[14.11.15 18:11:04] Loaded Event: The Fall Harvest [state: deactivated]
[14.11.15 18:11:04] Loaded Event: The Flow Of The Horror [state: deactivated]
[14.11.15 18:11:04] Loaded Event: Trick of Trnasmutation [state: activated]
[14.11.15 18:11:04] Loaded Event: TvT
[14.11.15 18:11:04] Loaded Event: Viktorina
[14.11.15 18:11:04] Loaded Event: Bounty Hunters Guild
[14.11.15 18:11:04] Loaded Event: L2 Medal Collection Event [state: deactivated]
[14.11.15 18:11:04] Loaded Event: Change of Heart[state: deactivated]
[14.11.15 18:11:04] Loaded Event: null [state: deactivated]
[14.11.15 18:11:04] Loaded Event: l2day [state: deactivated]
[14.11.15 18:11:04] Loaded Event: Last Hero
[14.11.15 18:11:04] Loaded Event: Transport [state: deactivated]
[14.11.15 18:11:29] Start Viktorina: Sat Nov 14 22:01:00 MSK 2015
[14.11.15 18:11:29] Stop Viktorina: Sun Nov 15 00:01:00 MSK 2015
