[14.11.15 00:23:27] Create 57 Adena (10000000000)[268486491] Admin[268486468] 10000000000
[14.11.15 00:26:43] Create 4037 Coin of Luck (1000000)[268486517] Admin[268486468] 1000000
[14.11.15 00:28:11] Create 4037 Coin of Luck (10000000000)[268486523] Admin[268486468] 10000000000
[14.11.15 00:33:07] Delete 5588 Tutorial Guide (1)[268486914] Хупер[268486905] 1
[14.11.15 00:35:36] Drop 4037 Coin of Luck (100000)[268486972] Admin[268486468] 100000
[14.11.15 00:35:55] Pickup 4037 Coin of Luck (100000)[268486972] Хупер[268486905] 100000
[14.11.15 00:56:39] Delete 9716 Scroll of Escape: Kamael Village (10)[268486474] Admin[268486468] 10
[14.11.15 00:56:41] Delete 5588 Tutorial Guide (1)[268486472] Admin[268486468] 1
[14.11.15 00:59:02] Create 9143 Golden Apiga (100000000000)[268486715] Admin[268486468] 100000000000
[14.11.15 00:59:10] Delete 2370 Guild Member's Club (1)[268486471] Admin[268486468] 1
[14.11.15 01:00:57] Delete 1146 Squire's Shirt (1)[268486470] Admin[268486468] 1
[14.11.15 01:01:00] Delete 1147 Squire's Pants (1)[268486469] Admin[268486468] 1
[14.11.15 01:01:03] Delete 2493 Brigandine Shield (1)[268487087] Admin[268486468] 1
[14.11.15 01:03:44] Pickup 9205 Alchemist's Chest Key (1)[268487153] Admin[268486468] 1
[14.11.15 01:03:47] Pickup 1867 Animal Skin (2)[268487152] Admin[268486468] 2
[14.11.15 01:03:51] Delete 1867 Animal Skin (2)[268487152] Admin[268486468] 2
[14.11.15 01:03:53] Delete 9205 Alchemist's Chest Key (1)[268487153] Admin[268486468] 1
[14.11.15 01:19:01] Pickup 57 Adena (23219)[268486552] Admin[268486468] 23219
[14.11.15 01:19:29] Pickup 57 Adena (27588)[268486554] Admin[268486468] 27588
[14.11.15 01:19:46] Pickup 57 Adena (26253)[268486558] Admin[268486468] 26253
[14.11.15 01:20:05] Pickup 57 Adena (49474)[268486563] Admin[268486468] 49474
[14.11.15 01:20:13] Pickup 9205 Alchemist's Chest Key (1)[268486564] Admin[268486468] 1
[14.11.15 01:21:38] Pickup 57 Adena (255334)[268486578] Admin[268486468] 255334
[14.11.15 01:22:09] Pickup 57 Adena (23569)[268486584] Admin[268486468] 23569
[14.11.15 01:23:02] Pickup 57 Adena (395859)[268486605] Admin[268486468] 395859
[14.11.15 01:23:02] Pickup 2015 Sword Breaker Edge (1)[268486606] Admin[268486468] 1
[14.11.15 01:23:02] Pickup 1872 Animal Bone (3)[268486607] Admin[268486468] 3
[14.11.15 01:23:02] Pickup 1882 Leather (3)[268486608] Admin[268486468] 3
[14.11.15 01:23:02] Pickup 5158 Recipe: Spiritshot (D) Compressed Package (100%) (1)[268486609] Admin[268486468] 1
[14.11.15 01:23:02] Pickup 1867 Animal Skin (1)[268486610] Admin[268486468] 1
[14.11.15 01:23:02] Pickup 8294 Recipe: Steel Sword (100%) (1)[268486611] Admin[268486468] 1
[14.11.15 01:23:23] Delete 2015 Sword Breaker Edge (1)[268486606] Admin[268486468] 1
[14.11.15 01:23:27] Delete 1872 Animal Bone (3)[268486607] Admin[268486468] 3
[14.11.15 01:23:29] Delete 1882 Leather (3)[268486608] Admin[268486468] 3
[14.11.15 01:23:32] Delete 5158 Recipe: Spiritshot (D) Compressed Package (100%) (1)[268486609] Admin[268486468] 1
[14.11.15 01:23:34] Delete 1867 Animal Skin (1)[268486610] Admin[268486468] 1
[14.11.15 01:23:36] Delete 8294 Recipe: Steel Sword (100%) (1)[268486611] Admin[268486468] 1
[14.11.15 01:23:49] Pickup 57 Adena (374593)[268486619] Admin[268486468] 374593
[14.11.15 01:24:32] Pickup 57 Adena (258957)[268486631] Admin[268486468] 258957
[14.11.15 01:24:32] Pickup 1872 Animal Bone (2)[268486632] Admin[268486468] 2
[14.11.15 01:24:32] Pickup 1867 Animal Skin (2)[268486633] Admin[268486468] 2
[14.11.15 01:24:41] Delete 1867 Animal Skin (2)[268486633] Admin[268486468] 2
[14.11.15 01:24:43] Delete 1872 Animal Bone (2)[268486632] Admin[268486468] 2
[14.11.15 01:28:27] Pickup 57 Adena (22622)[268486741] Admin[268486468] 22622
[14.11.15 01:28:52] Pickup 57 Adena (19394)[268486752] Admin[268486468] 19394
[14.11.15 01:29:06] Pickup 5557 Bead Ornament (1)[268486758] Admin[268486468] 1
[14.11.15 01:29:15] Pickup 57 Adena (54633)[268486761] Admin[268486468] 54633
[14.11.15 01:29:29] Pickup 57 Adena (344226)[268486772] Admin[268486468] 344226
[14.11.15 01:30:34] Pickup 57 Adena (578919)[268487142] Admin[268486468] 578919
[14.11.15 01:30:48] Pickup 57 Adena (202204)[268487170] Admin[268486468] 202204
[14.11.15 01:31:01] Pickup 57 Adena (99176)[268487177] Admin[268486468] 99176
[14.11.15 01:31:01] Pickup 1881 Coarse Bone Powder (1)[268487178] Admin[268486468] 1
[14.11.15 01:31:01] Pickup 1872 Animal Bone (1)[268487179] Admin[268486468] 1
[14.11.15 01:31:11] Pickup 57 Adena (92411)[268487183] Admin[268486468] 92411
[14.11.15 01:31:11] Pickup 1872 Animal Bone (1)[268487184] Admin[268486468] 1
[14.11.15 01:31:11] Pickup 1867 Animal Skin (2)[268487185] Admin[268486468] 2
[14.11.15 01:31:24] Pickup 57 Adena (612)[268487187] Дима[268487151] 612
[14.11.15 01:31:58] Delete 1881 Coarse Bone Powder (1)[268487178] Admin[268486468] 1
[14.11.15 01:32:01] Delete 1872 Animal Bone (2)[268487179] Admin[268486468] 2
[14.11.15 01:32:03] Delete 1867 Animal Skin (2)[268487185] Admin[268486468] 2
[14.11.15 01:32:06] Delete 5557 Bead Ornament (1)[268486758] Admin[268486468] 1
[14.11.15 01:32:22] Drop 5590 Squeaking Shoes (1)[268487154] Дима[268487151] 1
[14.11.15 01:32:25] Drop 9143 Golden Apiga (100000)[268487191] Admin[268486468] 100000
[14.11.15 01:32:29] Pickup 9143 Golden Apiga (100000)[268487191] Дима[268487151] 100000
[14.11.15 01:32:30] Drop 4037 Coin of Luck (100000)[268487192] Admin[268486468] 100000
[14.11.15 01:32:33] Pickup 4037 Coin of Luck (100000)[268487192] Дима[268487151] 100000
[14.11.15 01:32:41] Drop 57 Adena (1000000000)[268487193] Admin[268486468] 1000000000
[14.11.15 01:32:43] Pickup 57 Adena (1000000000)[268487193] Дима[268487151] 1000000000
[14.11.15 01:32:57] Delete 5588 Tutorial Guide (1)[268487160] Дима[268487151] 1
[14.11.15 01:35:01] Pickup 57 Adena (27542)[268487204] Admin[268486468] 27542
[14.11.15 01:35:12] Pickup 57 Adena (458661)[268487210] Admin[268486468] 458661
[14.11.15 01:35:12] Pickup 1872 Animal Bone (2)[268487211] Admin[268486468] 2
[14.11.15 01:35:12] Pickup 1881 Coarse Bone Powder (4)[268487212] Admin[268486468] 4
[14.11.15 01:35:12] Pickup 1867 Animal Skin (2)[268487213] Admin[268486468] 2
[14.11.15 01:35:12] Pickup 2258 Recipe: Temptation of Abyss (1)[268487214] Admin[268486468] 1
[14.11.15 01:35:28] Pickup 57 Adena (22342)[268487220] Admin[268486468] 22342
[14.11.15 01:35:54] Pickup 57 Adena (214297)[268487225] Admin[268486468] 214297
[14.11.15 01:35:54] Pickup 1872 Animal Bone (3)[268487226] Admin[268486468] 3
[14.11.15 01:35:54] Pickup 1867 Animal Skin (3)[268487227] Admin[268486468] 3
[14.11.15 01:35:54] Pickup 1881 Coarse Bone Powder (1)[268487228] Admin[268486468] 1
[14.11.15 01:35:58] Delete 2258 Recipe: Temptation of Abyss (1)[268487214] Admin[268486468] 1
[14.11.15 01:36:01] Delete 1867 Animal Skin (5)[268487213] Admin[268486468] 5
[14.11.15 01:36:04] Delete 1881 Coarse Bone Powder (5)[268487212] Admin[268486468] 5
[14.11.15 01:36:07] Delete 1872 Animal Bone (5)[268487211] Admin[268486468] 5
[14.11.15 01:36:37] Pickup 57 Adena (184435)[268487242] Admin[268486468] 184435
[14.11.15 01:36:57] Pickup 57 Adena (505751)[268487248] Admin[268486468] 505751
[14.11.15 01:36:57] Pickup 1881 Coarse Bone Powder (1)[268487249] Admin[268486468] 1
[14.11.15 01:36:57] Pickup 1872 Animal Bone (1)[268487250] Admin[268486468] 1
[14.11.15 01:36:57] Pickup 1867 Animal Skin (1)[268487251] Admin[268486468] 1
[14.11.15 01:37:02] Delete 1867 Animal Skin (1)[268487251] Admin[268486468] 1
[14.11.15 01:37:05] Delete 1872 Animal Bone (1)[268487250] Admin[268486468] 1
[14.11.15 01:37:08] Delete 1881 Coarse Bone Powder (1)[268487249] Admin[268486468] 1
[14.11.15 01:37:34] Delete 1101 Tunic of Devotion (1)[268487153] Дима[268487151] 1
[14.11.15 01:37:37] Delete 51 Bracer (1)[268487155] Дима[268487151] 1
[14.11.15 01:37:40] Delete 44 Leather Helmet (1)[268487157] Дима[268487151] 1
[14.11.15 01:37:45] Delete 1104 Stockings of Devotion (1)[268487158] Дима[268487151] 1
[14.11.15 01:38:24] Pickup 57 Adena (4574)[268487280] Admin[268486468] 4574
[14.11.15 01:38:45] Pickup 57 Adena (76185)[268487289] Admin[268486468] 76185
[14.11.15 01:38:45] Pickup 5268 Recipe: Greater Soulshot (D) Compressed Package (100%) (1)[268487290] Admin[268486468] 1
[14.11.15 01:38:45] Pickup 1872 Animal Bone (35)[268487291] Admin[268486468] 35
[14.11.15 01:38:45] Pickup 1867 Animal Skin (101)[268487292] Admin[268486468] 101
[14.11.15 01:38:45] Pickup 1881 Coarse Bone Powder (38)[268487293] Admin[268486468] 38
[14.11.15 01:38:45] Pickup 5558 Fir Tree Branch (1)[268487294] Admin[268486468] 1
[14.11.15 01:38:49] Delete 5268 Recipe: Greater Soulshot (D) Compressed Package (100%) (1)[268487290] Admin[268486468] 1
[14.11.15 01:38:52] Delete 1872 Animal Bone (35)[268487291] Admin[268486468] 35
[14.11.15 01:38:55] Delete 1867 Animal Skin (101)[268487292] Admin[268486468] 101
[14.11.15 01:38:58] Delete 1881 Coarse Bone Powder (38)[268487293] Admin[268486468] 38
[14.11.15 01:39:02] Pickup 5557 Bead Ornament (1)[268487296] Admin[268486468] 1
[14.11.15 01:39:37] Pickup 57 Adena (117124)[268487311] Admin[268486468] 117124
[14.11.15 01:39:47] Pickup 1881 Coarse Bone Powder (8)[268487319] Admin[268486468] 8
[14.11.15 01:39:47] Pickup 1867 Animal Skin (6)[268487320] Admin[268486468] 6
[14.11.15 01:41:55] Drop 46 Bronze Helmet (1)[268487271] Дима[268487151] 1
[14.11.15 01:41:59] Drop 432 Cursed Tunic (1)[268487268] Дима[268487151] 1
[14.11.15 01:42:02] Drop 465 Cursed Stockings (1)[268487267] Дима[268487151] 1
[14.11.15 01:42:04] Drop 605 Leather Gauntlets (1)[268487270] Дима[268487151] 1
[14.11.15 01:42:06] Drop 1123 Blue Buckskin Boots (1)[268487269] Дима[268487151] 1
[14.11.15 01:42:17] Pickup 432 Cursed Tunic (1)[268487268] Дима[268487151] 1
[14.11.15 01:42:17] Delete 1867 Animal Skin (6)[268487320] Admin[268486468] 6
[14.11.15 01:42:19] Pickup 465 Cursed Stockings (1)[268487267] Дима[268487151] 1
[14.11.15 01:42:20] Pickup 605 Leather Gauntlets (1)[268487270] Дима[268487151] 1
[14.11.15 01:42:20] Delete 1881 Coarse Bone Powder (8)[268487319] Admin[268486468] 8
[14.11.15 01:42:22] Pickup 1123 Blue Buckskin Boots (1)[268487269] Дима[268487151] 1
[14.11.15 01:42:27] Drop 185 Staff of Mana (1)[268487218] Дима[268487151] 1
[14.11.15 01:42:32] Pickup 46 Bronze Helmet (1)[268487271] Дима[268487151] 1
[14.11.15 01:42:35] Pickup 185 Staff of Mana (1)[268487218] Дима[268487151] 1
[14.11.15 02:04:03] Pickup 57 Adena (36)[268487848] Тест[268487828] 36
[14.11.15 02:04:03] Pickup 9205 Alchemist's Chest Key (1)[268487849] Тест[268487828] 1
[14.11.15 02:04:07] Pickup 57 Adena (42)[268487850] Тест[268487828] 42
[14.11.15 02:04:09] Pickup 57 Adena (59)[268487851] Тест[268487828] 59
[14.11.15 02:04:14] Pickup 57 Adena (52)[268487853] Тест[268487828] 52
[14.11.15 02:04:16] Pickup 57 Adena (35)[268487855] Тест[268487828] 35
[14.11.15 02:04:21] Pickup 57 Adena (37)[268487857] Тест[268487828] 37
[14.11.15 02:04:43] Drop 57 Adena (100000000)[268487861] Admin[268486468] 100000000
[14.11.15 02:04:48] Drop 9143 Golden Apiga (10000)[268487862] Admin[268486468] 10000
[14.11.15 02:04:51] Drop 4037 Coin of Luck (10000)[268487863] Admin[268486468] 10000
[14.11.15 02:04:55] Pickup 57 Adena (100000000)[268487861] Тест[268487828] 100000000
[14.11.15 02:04:55] Pickup 4037 Coin of Luck (10000)[268487863] Тест[268487828] 10000
[14.11.15 02:04:56] Pickup 9143 Golden Apiga (10000)[268487862] Тест[268487828] 10000
[14.11.15 16:39:43] Delete 311 Crucifix of Blessing (1)[268487836] Тест[268487828] 1
[14.11.15 16:39:48] Delete 9716 Scroll of Escape: Kamael Village (10)[268487845] Тест[268487828] 10
[14.11.15 16:39:51] Delete 9205 Alchemist's Chest Key (1)[268487849] Тест[268487828] 1
[14.11.15 16:45:59] Delete 3947 Blessed Spiritshot: No Grade (984)[268487847] Тест[268487828] 984
[14.11.15 16:46:51] Delete 1101 Tunic of Devotion (1)[268487830] Тест[268487828] 1
[14.11.15 16:46:53] Delete 1104 Stockings of Devotion (1)[268487835] Тест[268487828] 1
[14.11.15 16:46:56] Delete 51 Bracer (1)[268487832] Тест[268487828] 1
[14.11.15 16:46:58] Delete 5590 Squeaking Shoes (1)[268487831] Тест[268487828] 1
[14.11.15 16:47:27] Delete 44 Leather Helmet (1)[268487834] Тест[268487828] 1
[14.11.15 16:53:34] Pickup 57 Adena (2099)[268488414] Тест[268487828] 2099
[14.11.15 16:53:38] Pickup 57 Adena (2039)[268488415] Тест[268487828] 2039
[14.11.15 16:53:38] Pickup 1872 Animal Bone (1)[268488416] Тест[268487828] 1
[14.11.15 16:53:41] Pickup 57 Adena (2193)[268488417] Тест[268487828] 2193
[14.11.15 16:53:54] Pickup 1872 Animal Bone (1)[268488419] Тест[268487828] 1
[14.11.15 16:53:56] Pickup 57 Adena (2861)[268488420] Тест[268487828] 2861
[14.11.15 16:53:59] Pickup 57 Adena (3448)[268488421] Тест[268487828] 3448
[14.11.15 16:54:03] Pickup 57 Adena (2290)[268488424] Тест[268487828] 2290
[14.11.15 16:54:03] Pickup 1877 Adamantite Nugget (1)[268488425] Тест[268487828] 1
[14.11.15 16:54:23] Pickup 57 Adena (4633)[268488432] Тест[268487828] 4633
[14.11.15 16:54:26] Pickup 57 Adena (5410)[268488433] Тест[268487828] 5410
[14.11.15 16:55:41] Delete 8869 Shadow Item Exchange Coupon: D Grade (15)[268488385] Тест[268487828] 15
[14.11.15 16:55:44] Delete 1877 Adamantite Nugget (1)[268488425] Тест[268487828] 1
[14.11.15 16:55:47] Delete 1872 Animal Bone (2)[268488416] Тест[268487828] 2
[14.11.15 16:55:50] Delete 8870 Shadow Item Exchange Coupon: C Grade (15)[268488389] Тест[268487828] 15
[14.11.15 16:56:39] Delete 3949 Blessed Spiritshot: C-Grade (4958)[268488372] Тест[268487828] 3000
[14.11.15 16:58:09] Pickup 57 Adena (1175)[268488472] Тест[268487828] 1175
[14.11.15 16:58:09] Pickup 9205 Alchemist's Chest Key (1)[268488473] Тест[268487828] 1
[14.11.15 16:58:18] Pickup 57 Adena (17416)[268488475] Тест[268487828] 17416
[14.11.15 16:58:18] Pickup 1867 Animal Skin (1)[268488476] Тест[268487828] 1
[14.11.15 16:58:22] Pickup 57 Adena (1127)[268488477] Тест[268487828] 1127
[14.11.15 16:58:22] Pickup 9205 Alchemist's Chest Key (1)[268488478] Тест[268487828] 1
[14.11.15 16:58:32] Pickup 57 Adena (1614)[268488481] Тест[268487828] 1614
[14.11.15 16:58:38] Pickup 57 Adena (1610)[268488484] Тест[268487828] 1610
[14.11.15 16:58:38] Pickup 1872 Animal Bone (1)[268488485] Тест[268487828] 1
[14.11.15 16:58:38] Pickup 9205 Alchemist's Chest Key (1)[268488486] Тест[268487828] 1
[14.11.15 16:59:07] Pickup 57 Adena (19047)[268488496] Тест[268487828] 19047
[14.11.15 16:59:07] Pickup 9205 Alchemist's Chest Key (1)[268488497] Тест[268487828] 1
[14.11.15 16:59:11] Pickup 1867 Animal Skin (1)[268488499] Тест[268487828] 1
[14.11.15 16:59:40] Pickup 57 Adena (26037)[268488505] Тест[268487828] 26037
[14.11.15 16:59:40] Pickup 1927 Hard Leather Shirt Pattern (1)[268488506] Тест[268487828] 1
[14.11.15 16:59:40] Pickup 1881 Coarse Bone Powder (24)[268488507] Тест[268487828] 24
[14.11.15 16:59:40] Pickup 5153 Recipe: Soulshot (D) Compressed Package (100%) (1)[268488508] Тест[268487828] 1
[14.11.15 17:00:07] Pickup 57 Adena (26249)[268488851] Тест[268487828] 26249
[14.11.15 17:00:07] Pickup 1881 Coarse Bone Powder (1)[268488852] Тест[268487828] 1
[14.11.15 17:00:07] Pickup 1872 Animal Bone (20)[268488853] Тест[268487828] 20
[14.11.15 17:00:07] Pickup 1867 Animal Skin (12)[268488854] Тест[268487828] 12
[14.11.15 17:00:07] Pickup 9205 Alchemist's Chest Key (1)[268488855] Тест[268487828] 1
[14.11.15 17:00:14] Delete 5153 Recipe: Soulshot (D) Compressed Package (100%) (1)[268488508] Тест[268487828] 1
[14.11.15 17:00:17] Pickup 57 Adena (1283)[268488857] Тест[268487828] 1283
[14.11.15 17:00:23] Delete 1881 Coarse Bone Powder (25)[268488507] Тест[268487828] 25
[14.11.15 17:00:25] Delete 1927 Hard Leather Shirt Pattern (1)[268488506] Тест[268487828] 1
[14.11.15 17:00:28] Delete 1872 Animal Bone (21)[268488485] Тест[268487828] 21
[14.11.15 17:00:33] Delete 1867 Animal Skin (14)[268488476] Тест[268487828] 14
[14.11.15 17:05:28] Create 5556 Star Ornament (20)[268488930] Admin[268486468] 20
[14.11.15 17:05:37] Create 5557 Bead Ornament (20)[268488932] Admin[268486468] 20
[14.11.15 17:05:42] Delete 5557 Bead Ornament (21)[268487296] Admin[268486468] 1
[14.11.15 17:05:47] Create 5558 Fir Tree Branch (20)[268488941] Admin[268486468] 20
[14.11.15 17:05:51] Delete 5558 Fir Tree Branch (21)[268487294] Admin[268486468] 1
[14.11.15 17:06:02] Create 5559 Flower Pot (5)[268488942] Admin[268486468] 5
