[14.11.15 18:10:23:879]  INFO gameserver.GameServer: =================================================
[14.11.15 18:10:23:882]  INFO gameserver.GameServer: Revision: ................ -1
[14.11.15 18:10:23:894]  INFO gameserver.GameServer: Build date: .............. 2014.12.08 16:26
[14.11.15 18:10:23:894]  INFO gameserver.GameServer: Compiler version: ........ yGuard Bytecode Obfuscator 2.5.2
[14.11.15 18:10:23:894]  INFO gameserver.GameServer: =================================================
[14.11.15 18:10:24:435]  INFO premium.PremiumConfig: Loaded 4 Premium configs
[14.11.15 18:10:24:506]  INFO visual.VisualConfig: Loaded 5 Visualized configs
[14.11.15 18:10:24:511]  INFO gameserver.Config: Abuse: Loaded 18 abuse words.
[14.11.15 18:10:24:621]  INFO idfactory.IdFactory: IdFactory: Clear characters online status.
[14.11.15 18:10:24:662]  INFO idfactory.IdFactory: IdFactory: Extracted 4 used id's from characters
[14.11.15 18:10:24:663]  INFO idfactory.IdFactory: IdFactory: Extracted 68 used id's from items
[14.11.15 18:10:24:664]  INFO idfactory.IdFactory: IdFactory: Extracted total 72 used id's.
[14.11.15 18:10:24:664]  INFO idfactory.BitSetIDFactory: IdFactory: 102912 id's available.
[14.11.15 18:10:24:889]  INFO geodata.GeoEngine: GeoEngine: Loading: geodata/11_23.l2j
[14.11.15 18:10:24:910]  INFO geodata.GeoEngine: GeoEngine: Loading: geodata/11_24.l2j
[14.11.15 18:10:24:912]  INFO geodata.GeoEngine: GeoEngine: Loading: geodata/11_25.l2j
[14.11.15 18:10:24:915]  INFO geodata.GeoEngine: GeoEngine: Loading: geodata/11_26.l2j
[14.11.15 18:10:24:918]  INFO geodata.GeoEngine: GeoEngine: Loading: geodata/12_23.l2j
[14.11.15 18:10:24:920]  INFO geodata.GeoEngine: GeoEngine: Loading: geodata/12_24.l2j
[14.11.15 18:10:24:983]  INFO geodata.GeoEngine: GeoEngine: Loading: geodata/12_25.l2j
[14.11.15 18:10:24:990]  INFO geodata.GeoEngine: GeoEngine: Loading: geodata/12_26.l2j
[14.11.15 18:10:24:991]  INFO geodata.GeoEngine: GeoEngine: Loading: geodata/13_21.l2j
[14.11.15 18:10:24:993]  INFO geodata.GeoEngine: GeoEngine: Loading: geodata/13_22.l2j
[14.11.15 18:10:24:994]  INFO geodata.GeoEngine: GeoEngine: Loading: geodata/13_23.l2j
[14.11.15 18:10:25:148]  INFO geodata.GeoEngine: GeoEngine: Loading: geodata/13_24.l2j
[14.11.15 18:10:25:171]  INFO geodata.GeoEngine: GeoEngine: Loading: geodata/13_25.l2j
[14.11.15 18:10:25:205]  INFO geodata.GeoEngine: GeoEngine: Loading: geodata/13_26.l2j
[14.11.15 18:10:25:207]  INFO geodata.GeoEngine: GeoEngine: Loading: geodata/14_21.l2j
[14.11.15 18:10:25:208]  INFO geodata.GeoEngine: GeoEngine: Loading: geodata/14_22.l2j
[14.11.15 18:10:25:218]  INFO geodata.GeoEngine: GeoEngine: Loading: geodata/14_23.l2j
[14.11.15 18:10:25:371]  INFO geodata.GeoEngine: GeoEngine: Loading: geodata/14_24.l2j
[14.11.15 18:10:25:394]  INFO geodata.GeoEngine: GeoEngine: Loading: geodata/14_25.l2j
[14.11.15 18:10:25:415]  INFO geodata.GeoEngine: GeoEngine: Loading: geodata/14_26.l2j
[14.11.15 18:10:25:417]  INFO geodata.GeoEngine: GeoEngine: Loading: geodata/15_10.l2j
[14.11.15 18:10:25:420]  INFO geodata.GeoEngine: GeoEngine: Loading: geodata/15_11.l2j
[14.11.15 18:10:25:422]  INFO geodata.GeoEngine: GeoEngine: Loading: geodata/15_12.l2j
[14.11.15 18:10:25:425]  INFO geodata.GeoEngine: GeoEngine: Loading: geodata/15_18.l2j
[14.11.15 18:10:25:427]  INFO geodata.GeoEngine: GeoEngine: Loading: geodata/15_19.l2j
[14.11.15 18:10:25:429]  INFO geodata.GeoEngine: GeoEngine: Loading: geodata/15_20.l2j
[14.11.15 18:10:25:431]  INFO geodata.GeoEngine: GeoEngine: Loading: geodata/15_21.l2j
[14.11.15 18:10:25:433]  INFO geodata.GeoEngine: GeoEngine: Loading: geodata/15_22.l2j
[14.11.15 18:10:25:435]  INFO geodata.GeoEngine: GeoEngine: Loading: geodata/15_23.l2j
[14.11.15 18:10:25:459]  INFO geodata.GeoEngine: GeoEngine: Loading: geodata/15_24.l2j
[14.11.15 18:10:25:461]  INFO geodata.GeoEngine: GeoEngine: Loading: geodata/15_25.l2j
[14.11.15 18:10:25:463]  INFO geodata.GeoEngine: GeoEngine: Loading: geodata/15_26.l2j
[14.11.15 18:10:25:464]  INFO geodata.GeoEngine: GeoEngine: Loading: geodata/16_10.l2j
[14.11.15 18:10:25:466]  INFO geodata.GeoEngine: GeoEngine: Loading: geodata/16_11.l2j
[14.11.15 18:10:25:468]  INFO geodata.GeoEngine: GeoEngine: Loading: geodata/16_12.l2j
[14.11.15 18:10:25:471]  INFO geodata.GeoEngine: GeoEngine: Loading: geodata/16_13.l2j
[14.11.15 18:10:25:473]  INFO geodata.GeoEngine: GeoEngine: Loading: geodata/16_14.l2j
[14.11.15 18:10:25:475]  INFO geodata.GeoEngine: GeoEngine: Loading: geodata/16_15.l2j
[14.11.15 18:10:25:476]  INFO geodata.GeoEngine: GeoEngine: Loading: geodata/16_16.l2j
[14.11.15 18:10:25:478]  INFO geodata.GeoEngine: GeoEngine: Loading: geodata/16_17.l2j
[14.11.15 18:10:25:479]  INFO geodata.GeoEngine: GeoEngine: Loading: geodata/16_18.l2j
[14.11.15 18:10:25:480]  INFO geodata.GeoEngine: GeoEngine: Loading: geodata/16_19.l2j
[14.11.15 18:10:25:485]  INFO geodata.GeoEngine: GeoEngine: Loading: geodata/16_20.l2j
[14.11.15 18:10:25:490]  INFO geodata.GeoEngine: GeoEngine: Loading: geodata/16_21.l2j
[14.11.15 18:10:25:492]  INFO geodata.GeoEngine: GeoEngine: Loading: geodata/16_22.l2j
[14.11.15 18:10:25:493]  INFO geodata.GeoEngine: GeoEngine: Loading: geodata/16_23.l2j
[14.11.15 18:10:25:495]  INFO geodata.GeoEngine: GeoEngine: Loading: geodata/16_24.l2j
[14.11.15 18:10:25:497]  INFO geodata.GeoEngine: GeoEngine: Loading: geodata/16_25.l2j
[14.11.15 18:10:25:500]  INFO geodata.GeoEngine: GeoEngine: Loading: geodata/16_26.l2j
[14.11.15 18:10:25:501]  INFO geodata.GeoEngine: GeoEngine: Loading: geodata/17_10.l2j
[14.11.15 18:10:25:503]  INFO geodata.GeoEngine: GeoEngine: Loading: geodata/17_11.l2j
[14.11.15 18:10:25:505]  INFO geodata.GeoEngine: GeoEngine: Loading: geodata/17_12.l2j
[14.11.15 18:10:25:507]  INFO geodata.GeoEngine: GeoEngine: Loading: geodata/17_13.l2j
[14.11.15 18:10:25:510]  INFO geodata.GeoEngine: GeoEngine: Loading: geodata/17_14.l2j
[14.11.15 18:10:25:511]  INFO geodata.GeoEngine: GeoEngine: Loading: geodata/17_15.l2j
[14.11.15 18:10:25:514]  INFO geodata.GeoEngine: GeoEngine: Loading: geodata/17_16.l2j
[14.11.15 18:10:25:522]  INFO geodata.GeoEngine: GeoEngine: Loading: geodata/17_17.l2j
[14.11.15 18:10:25:526]  INFO geodata.GeoEngine: GeoEngine: Loading: geodata/17_18.l2j
[14.11.15 18:10:26:171]  INFO geodata.GeoEngine: GeoEngine: Loading: geodata/17_19.l2j
[14.11.15 18:10:26:175]  INFO geodata.GeoEngine: GeoEngine: Loading: geodata/17_20.l2j
[14.11.15 18:10:26:178]  INFO geodata.GeoEngine: GeoEngine: Loading: geodata/17_21.l2j
[14.11.15 18:10:26:183]  INFO geodata.GeoEngine: GeoEngine: Loading: geodata/17_22.l2j
[14.11.15 18:10:26:187]  INFO geodata.GeoEngine: GeoEngine: Loading: geodata/17_23.l2j
[14.11.15 18:10:26:189]  INFO geodata.GeoEngine: GeoEngine: Loading: geodata/17_24.l2j
[14.11.15 18:10:26:192]  INFO geodata.GeoEngine: GeoEngine: Loading: geodata/17_25.l2j
[14.11.15 18:10:26:195]  INFO geodata.GeoEngine: GeoEngine: Loading: geodata/17_26.l2j
[14.11.15 18:10:26:196]  INFO geodata.GeoEngine: GeoEngine: Loading: geodata/18_10.l2j
[14.11.15 18:10:26:200]  INFO geodata.GeoEngine: GeoEngine: Loading: geodata/18_11.l2j
[14.11.15 18:10:26:202]  INFO geodata.GeoEngine: GeoEngine: Loading: geodata/18_12.l2j
[14.11.15 18:10:26:204]  INFO geodata.GeoEngine: GeoEngine: Loading: geodata/18_13.l2j
[14.11.15 18:10:26:206]  INFO geodata.GeoEngine: GeoEngine: Loading: geodata/18_14.l2j
[14.11.15 18:10:26:209]  INFO geodata.GeoEngine: GeoEngine: Loading: geodata/18_15.l2j
[14.11.15 18:10:26:212]  INFO geodata.GeoEngine: GeoEngine: Loading: geodata/18_16.l2j
[14.11.15 18:10:26:215]  INFO geodata.GeoEngine: GeoEngine: Loading: geodata/18_17.l2j
[14.11.15 18:10:26:217]  INFO geodata.GeoEngine: GeoEngine: Loading: geodata/18_18.l2j
[14.11.15 18:10:26:218]  INFO geodata.GeoEngine: GeoEngine: Loading: geodata/18_19.l2j
[14.11.15 18:10:26:222]  INFO geodata.GeoEngine: GeoEngine: Loading: geodata/18_20.l2j
[14.11.15 18:10:26:227]  INFO geodata.GeoEngine: GeoEngine: Loading: geodata/18_21.l2j
[14.11.15 18:10:26:231]  INFO geodata.GeoEngine: GeoEngine: Loading: geodata/18_22.l2j
[14.11.15 18:10:26:291]  INFO geodata.GeoEngine: GeoEngine: Loading: geodata/18_23.l2j
[14.11.15 18:10:26:296]  INFO geodata.GeoEngine: GeoEngine: Loading: geodata/18_24.l2j
[14.11.15 18:10:26:301]  INFO geodata.GeoEngine: GeoEngine: Loading: geodata/18_25.l2j
[14.11.15 18:10:26:303]  INFO geodata.GeoEngine: GeoEngine: Loading: geodata/18_26.l2j
[14.11.15 18:10:26:305]  INFO geodata.GeoEngine: GeoEngine: Loading: geodata/19_10.l2j
[14.11.15 18:10:26:308]  INFO geodata.GeoEngine: GeoEngine: Loading: geodata/19_11.l2j
[14.11.15 18:10:26:310]  INFO geodata.GeoEngine: GeoEngine: Loading: geodata/19_12.l2j
[14.11.15 18:10:26:312]  INFO geodata.GeoEngine: GeoEngine: Loading: geodata/19_13.l2j
[14.11.15 18:10:26:315]  INFO geodata.GeoEngine: GeoEngine: Loading: geodata/19_14.l2j
[14.11.15 18:10:26:318]  INFO geodata.GeoEngine: GeoEngine: Loading: geodata/19_15.l2j
[14.11.15 18:10:26:321]  INFO geodata.GeoEngine: GeoEngine: Loading: geodata/19_16.l2j
[14.11.15 18:10:26:327]  INFO geodata.GeoEngine: GeoEngine: Loading: geodata/19_17.l2j
[14.11.15 18:10:26:329]  INFO geodata.GeoEngine: GeoEngine: Loading: geodata/19_18.l2j
[14.11.15 18:10:26:333]  INFO geodata.GeoEngine: GeoEngine: Loading: geodata/19_19.l2j
[14.11.15 18:10:26:336]  INFO geodata.GeoEngine: GeoEngine: Loading: geodata/19_20.l2j
[14.11.15 18:10:26:341]  INFO geodata.GeoEngine: GeoEngine: Loading: geodata/19_21.l2j
[14.11.15 18:10:26:345]  INFO geodata.GeoEngine: GeoEngine: Loading: geodata/19_22.l2j
[14.11.15 18:10:26:349]  INFO geodata.GeoEngine: GeoEngine: Loading: geodata/19_23.l2j
[14.11.15 18:10:26:355]  INFO geodata.GeoEngine: GeoEngine: Loading: geodata/19_24.l2j
[14.11.15 18:10:26:358]  INFO geodata.GeoEngine: GeoEngine: Loading: geodata/19_25.l2j
[14.11.15 18:10:26:362]  INFO geodata.GeoEngine: GeoEngine: Loading: geodata/19_26.l2j
[14.11.15 18:10:26:365]  INFO geodata.GeoEngine: GeoEngine: Loading: geodata/20_10.l2j
[14.11.15 18:10:26:368]  INFO geodata.GeoEngine: GeoEngine: Loading: geodata/20_11.l2j
[14.11.15 18:10:26:370]  INFO geodata.GeoEngine: GeoEngine: Loading: geodata/20_12.l2j
[14.11.15 18:10:26:442]  INFO geodata.GeoEngine: GeoEngine: Loading: geodata/20_13.l2j
[14.11.15 18:10:26:445]  INFO geodata.GeoEngine: GeoEngine: Loading: geodata/20_14.l2j
[14.11.15 18:10:26:450]  INFO geodata.GeoEngine: GeoEngine: Loading: geodata/20_15.l2j
[14.11.15 18:10:26:452]  INFO geodata.GeoEngine: GeoEngine: Loading: geodata/20_16.l2j
[14.11.15 18:10:26:456]  INFO geodata.GeoEngine: GeoEngine: Loading: geodata/20_17.l2j
[14.11.15 18:10:26:461]  INFO geodata.GeoEngine: GeoEngine: Loading: geodata/20_18.l2j
[14.11.15 18:10:26:465]  INFO geodata.GeoEngine: GeoEngine: Loading: geodata/20_19.l2j
[14.11.15 18:10:26:468]  INFO geodata.GeoEngine: GeoEngine: Loading: geodata/20_20.l2j
[14.11.15 18:10:26:474]  INFO geodata.GeoEngine: GeoEngine: Loading: geodata/20_21.l2j
[14.11.15 18:10:26:484]  INFO geodata.GeoEngine: GeoEngine: Loading: geodata/20_22.l2j
[14.11.15 18:10:26:488]  INFO geodata.GeoEngine: GeoEngine: Loading: geodata/20_23.l2j
[14.11.15 18:10:26:492]  INFO geodata.GeoEngine: GeoEngine: Loading: geodata/20_24.l2j
[14.11.15 18:10:26:495]  INFO geodata.GeoEngine: GeoEngine: Loading: geodata/20_25.l2j
[14.11.15 18:10:26:499]  INFO geodata.GeoEngine: GeoEngine: Loading: geodata/20_26.l2j
[14.11.15 18:10:26:502]  INFO geodata.GeoEngine: GeoEngine: Loading: geodata/21_10.l2j
[14.11.15 18:10:26:505]  INFO geodata.GeoEngine: GeoEngine: Loading: geodata/21_11.l2j
[14.11.15 18:10:26:506]  INFO geodata.GeoEngine: GeoEngine: Loading: geodata/21_12.l2j
[14.11.15 18:10:26:508]  INFO geodata.GeoEngine: GeoEngine: Loading: geodata/21_13.l2j
[14.11.15 18:10:26:509]  INFO geodata.GeoEngine: GeoEngine: Loading: geodata/21_14.l2j
[14.11.15 18:10:26:514]  INFO geodata.GeoEngine: GeoEngine: Loading: geodata/21_15.l2j
[14.11.15 18:10:27:487]  INFO geodata.GeoEngine: GeoEngine: Loading: geodata/21_16.l2j
[14.11.15 18:10:27:493]  INFO geodata.GeoEngine: GeoEngine: Loading: geodata/21_17.l2j
[14.11.15 18:10:27:496]  INFO geodata.GeoEngine: GeoEngine: Loading: geodata/21_18.l2j
[14.11.15 18:10:27:501]  INFO geodata.GeoEngine: GeoEngine: Loading: geodata/21_19.l2j
[14.11.15 18:10:27:506]  INFO geodata.GeoEngine: GeoEngine: Loading: geodata/21_20.l2j
[14.11.15 18:10:27:509]  INFO geodata.GeoEngine: GeoEngine: Loading: geodata/21_21.l2j
[14.11.15 18:10:27:516]  INFO geodata.GeoEngine: GeoEngine: Loading: geodata/21_22.l2j
[14.11.15 18:10:27:521]  INFO geodata.GeoEngine: GeoEngine: Loading: geodata/21_23.l2j
[14.11.15 18:10:27:526]  INFO geodata.GeoEngine: GeoEngine: Loading: geodata/21_24.l2j
[14.11.15 18:10:27:533]  INFO geodata.GeoEngine: GeoEngine: Loading: geodata/21_25.l2j
[14.11.15 18:10:27:535]  INFO geodata.GeoEngine: GeoEngine: Loading: geodata/22_10.l2j
[14.11.15 18:10:27:537]  INFO geodata.GeoEngine: GeoEngine: Loading: geodata/22_11.l2j
[14.11.15 18:10:27:543]  INFO geodata.GeoEngine: GeoEngine: Loading: geodata/22_12.l2j
[14.11.15 18:10:27:545]  INFO geodata.GeoEngine: GeoEngine: Loading: geodata/22_13.l2j
[14.11.15 18:10:27:632]  INFO geodata.GeoEngine: GeoEngine: Loading: geodata/22_14.l2j
[14.11.15 18:10:27:639]  INFO geodata.GeoEngine: GeoEngine: Loading: geodata/22_15.l2j
[14.11.15 18:10:27:645]  INFO geodata.GeoEngine: GeoEngine: Loading: geodata/22_16.l2j
[14.11.15 18:10:27:652]  INFO geodata.GeoEngine: GeoEngine: Loading: geodata/22_17.l2j
[14.11.15 18:10:27:656]  INFO geodata.GeoEngine: GeoEngine: Loading: geodata/22_18.l2j
[14.11.15 18:10:27:659]  INFO geodata.GeoEngine: GeoEngine: Loading: geodata/22_19.l2j
[14.11.15 18:10:27:663]  INFO geodata.GeoEngine: GeoEngine: Loading: geodata/22_20.l2j
[14.11.15 18:10:27:668]  INFO geodata.GeoEngine: GeoEngine: Loading: geodata/22_21.l2j
[14.11.15 18:10:27:673]  INFO geodata.GeoEngine: GeoEngine: Loading: geodata/22_22.l2j
[14.11.15 18:10:27:678]  INFO geodata.GeoEngine: GeoEngine: Loading: geodata/22_23.l2j
[14.11.15 18:10:27:681]  INFO geodata.GeoEngine: GeoEngine: Loading: geodata/22_24.l2j
[14.11.15 18:10:27:775]  INFO geodata.GeoEngine: GeoEngine: Loading: geodata/22_25.l2j
[14.11.15 18:10:27:781]  INFO geodata.GeoEngine: GeoEngine: Loading: geodata/22_26.l2j
[14.11.15 18:10:27:783]  INFO geodata.GeoEngine: GeoEngine: Loading: geodata/23_10.l2j
[14.11.15 18:10:27:784]  INFO geodata.GeoEngine: GeoEngine: Loading: geodata/23_11.l2j
[14.11.15 18:10:27:787]  INFO geodata.GeoEngine: GeoEngine: Loading: geodata/23_12.l2j
[14.11.15 18:10:27:792]  INFO geodata.GeoEngine: GeoEngine: Loading: geodata/23_13.l2j
[14.11.15 18:10:27:796]  INFO geodata.GeoEngine: GeoEngine: Loading: geodata/23_14.l2j
[14.11.15 18:10:27:885]  INFO geodata.GeoEngine: GeoEngine: Loading: geodata/23_15.l2j
[14.11.15 18:10:27:894]  INFO geodata.GeoEngine: GeoEngine: Loading: geodata/23_16.l2j
[14.11.15 18:10:27:899]  INFO geodata.GeoEngine: GeoEngine: Loading: geodata/23_17.l2j
[14.11.15 18:10:27:904]  INFO geodata.GeoEngine: GeoEngine: Loading: geodata/23_18.l2j
[14.11.15 18:10:27:909]  INFO geodata.GeoEngine: GeoEngine: Loading: geodata/23_19.l2j
[14.11.15 18:10:28:009]  INFO geodata.GeoEngine: GeoEngine: Loading: geodata/23_20.l2j
[14.11.15 18:10:28:014]  INFO geodata.GeoEngine: GeoEngine: Loading: geodata/23_21.l2j
[14.11.15 18:10:28:100]  INFO geodata.GeoEngine: GeoEngine: Loading: geodata/23_22.l2j
[14.11.15 18:10:28:105]  INFO geodata.GeoEngine: GeoEngine: Loading: geodata/23_23.l2j
[14.11.15 18:10:28:109]  INFO geodata.GeoEngine: GeoEngine: Loading: geodata/23_24.l2j
[14.11.15 18:10:29:265]  INFO geodata.GeoEngine: GeoEngine: Loading: geodata/23_25.l2j
[14.11.15 18:10:29:268]  INFO geodata.GeoEngine: GeoEngine: Loading: geodata/23_26.l2j
[14.11.15 18:10:29:270]  INFO geodata.GeoEngine: GeoEngine: Loading: geodata/24_10.l2j
[14.11.15 18:10:29:272]  INFO geodata.GeoEngine: GeoEngine: Loading: geodata/24_11.l2j
[14.11.15 18:10:29:275]  INFO geodata.GeoEngine: GeoEngine: Loading: geodata/24_12.l2j
[14.11.15 18:10:29:282]  INFO geodata.GeoEngine: GeoEngine: Loading: geodata/24_13.l2j
[14.11.15 18:10:29:373]  INFO geodata.GeoEngine: GeoEngine: Loading: geodata/24_14.l2j
[14.11.15 18:10:29:377]  INFO geodata.GeoEngine: GeoEngine: Loading: geodata/24_15.l2j
[14.11.15 18:10:29:382]  INFO geodata.GeoEngine: GeoEngine: Loading: geodata/24_16.l2j
[14.11.15 18:10:29:414]  INFO geodata.GeoEngine: GeoEngine: Loading: geodata/24_17.l2j
[14.11.15 18:10:29:418]  INFO geodata.GeoEngine: GeoEngine: Loading: geodata/24_18.l2j
[14.11.15 18:10:29:423]  INFO geodata.GeoEngine: GeoEngine: Loading: geodata/24_19.l2j
[14.11.15 18:10:29:426]  INFO geodata.GeoEngine: GeoEngine: Loading: geodata/24_20.l2j
[14.11.15 18:10:29:435]  INFO geodata.GeoEngine: GeoEngine: Loading: geodata/24_21.l2j
[14.11.15 18:10:29:440]  INFO geodata.GeoEngine: GeoEngine: Loading: geodata/24_22.l2j
[14.11.15 18:10:29:479]  INFO geodata.GeoEngine: GeoEngine: Loading: geodata/24_23.l2j
[14.11.15 18:10:29:484]  INFO geodata.GeoEngine: GeoEngine: Loading: geodata/24_24.l2j
[14.11.15 18:10:29:485]  INFO geodata.GeoEngine: GeoEngine: Loading: geodata/24_25.l2j
[14.11.15 18:10:29:487]  INFO geodata.GeoEngine: GeoEngine: Loading: geodata/24_26.l2j
[14.11.15 18:10:29:488]  INFO geodata.GeoEngine: GeoEngine: Loading: geodata/25_10.l2j
[14.11.15 18:10:29:490]  INFO geodata.GeoEngine: GeoEngine: Loading: geodata/25_11.l2j
[14.11.15 18:10:29:492]  INFO geodata.GeoEngine: GeoEngine: Loading: geodata/25_12.l2j
[14.11.15 18:10:29:538]  INFO geodata.GeoEngine: GeoEngine: Loading: geodata/25_14.l2j
[14.11.15 18:10:29:550]  INFO geodata.GeoEngine: GeoEngine: Loading: geodata/25_15.l2j
[14.11.15 18:10:29:561]  INFO geodata.GeoEngine: GeoEngine: Loading: geodata/25_16.l2j
[14.11.15 18:10:30:226]  INFO geodata.GeoEngine: GeoEngine: Loading: geodata/25_17.l2j
[14.11.15 18:10:30:232]  INFO geodata.GeoEngine: GeoEngine: Loading: geodata/25_18.l2j
[14.11.15 18:10:30:237]  INFO geodata.GeoEngine: GeoEngine: Loading: geodata/25_19.l2j
[14.11.15 18:10:30:246]  INFO geodata.GeoEngine: GeoEngine: Loading: geodata/25_20.l2j
[14.11.15 18:10:30:249]  INFO geodata.GeoEngine: GeoEngine: Loading: geodata/25_21.l2j
[14.11.15 18:10:30:252]  INFO geodata.GeoEngine: GeoEngine: Loading: geodata/25_22.l2j
[14.11.15 18:10:30:266]  INFO geodata.GeoEngine: GeoEngine: Loading: geodata/25_23.l2j
[14.11.15 18:10:30:268]  INFO geodata.GeoEngine: GeoEngine: Loading: geodata/25_24.l2j
[14.11.15 18:10:30:270]  INFO geodata.GeoEngine: GeoEngine: Loading: geodata/26_11.l2j
[14.11.15 18:10:30:271]  INFO geodata.GeoEngine: GeoEngine: Loading: geodata/26_12.l2j
[14.11.15 18:10:30:273]  INFO geodata.GeoEngine: GeoEngine: Loading: geodata/26_14.l2j
[14.11.15 18:10:30:276]  INFO geodata.GeoEngine: GeoEngine: Loading: geodata/26_15.l2j
[14.11.15 18:10:30:278]  INFO geodata.GeoEngine: GeoEngine: Loading: geodata/26_16.l2j
[14.11.15 18:10:30:280]  INFO geodata.GeoEngine: GeoEngine: Loaded 203 map(s), max layers: 21
[14.11.15 18:10:30:340]  INFO scripts.Scripts: Scripts: Loading...
[14.11.15 18:10:30:846]  INFO scripts.Scripts: Scripts: Loaded 1248 classes.
[14.11.15 18:10:30:868]  INFO utils.Strings: Loaded 418 translit entries.
[14.11.15 18:10:30:870]  INFO gameserver.GameTimeController: GameTimeController: initialized. Current time is 19:03 in the day.
[14.11.15 18:10:30:871]  INFO model.World: L2World: Creating regions: [256][272][32].
[14.11.15 18:10:30:875]  INFO htm.HtmCache: HtmCache: disabled.
[14.11.15 18:10:30:915]  INFO data.StringHolder: StringHolder: load strings: 554 for lang: RUSSIAN
[14.11.15 18:10:30:915]  INFO data.StringHolder: StringHolder: load strings: 553 for lang: ENGLISH
[14.11.15 18:10:35:871]  INFO skills.SkillsEngine: SkillsEngine: Loaded 66045 skill templates from XML files. Max id: 90003, max level: 259
[14.11.15 18:10:38:141]  INFO holder.OptionDataHolder: OptionDataHolder: loaded 24975 option data(s) count.
[14.11.15 18:10:42:175]  INFO holder.ItemHolder: ItemHolder: loaded 19135 item(s) count.
[14.11.15 18:10:42:186]  INFO parser.ExtractableItems: ExtractableItems: Initializing
[14.11.15 18:10:42:211]  INFO parser.ExtractableItems: ExtractableItems: Loaded 362 Extractable.
[14.11.15 18:10:50:599]  INFO holder.NpcHolder: NpcHolder: loaded 10474 npc(s) count.
[14.11.15 18:10:51:841]  INFO holder.PetDataTemplateHolder: PetDataTemplateHolder: loaded 52 pet data template(s) count.
[14.11.15 18:10:51:935]  INFO instancemanager.MapRegionManager: MapRegionManager: loaded 272 map region manager(s) count.
[14.11.15 18:10:51:983]  INFO instancemanager.MapRegionManager: MapRegionManager: loaded 272 map region manager(s) count.
[14.11.15 18:10:52:012]  INFO holder.StaticObjectHolder: StaticObjectHolder: loaded 50 static object(s) count.
[14.11.15 18:10:52:400]  INFO holder.DoorHolder: DoorHolder: loaded 1155 door(s) count.
[14.11.15 18:10:52:689]  INFO holder.ZoneHolder: ZoneHolder: loaded 1165 zone(s) count.
[14.11.15 18:10:55:536]  INFO holder.SpawnHolder: SpawnHolder: loaded 28950 spawn(s) count.
[14.11.15 18:10:55:920]  INFO holder.InstantZoneHolder: InstantZoneHolder: loaded 95 instant zone(s) count.
[14.11.15 18:10:58:225]  INFO holder.AirshipDockHolder: AirshipDockHolder: loaded 4 airship dock(s) count.
[14.11.15 18:10:58:519]  INFO holder.SkillAcquireHolder: SkillAcquireHolder: load 56997 normal learns for 103 classes.
[14.11.15 18:10:58:520]  INFO holder.SkillAcquireHolder: SkillAcquireHolder: load 79 transfer learns for 3 classes.
[14.11.15 18:10:58:520]  INFO holder.SkillAcquireHolder: SkillAcquireHolder: load 120 transformation learns for 6 races.
[14.11.15 18:10:58:520]  INFO holder.SkillAcquireHolder: SkillAcquireHolder: load 662 fishing learns for 6 races.
[14.11.15 18:10:58:521]  INFO holder.SkillAcquireHolder: SkillAcquireHolder: load 72 certification learns.
[14.11.15 18:10:58:521]  INFO holder.SkillAcquireHolder: SkillAcquireHolder: load 3 collection learns.
[14.11.15 18:10:58:522]  INFO holder.SkillAcquireHolder: SkillAcquireHolder: load 44 pledge learns.
[14.11.15 18:10:58:522]  INFO holder.SkillAcquireHolder: SkillAcquireHolder: load 18 sub unit learns.
[14.11.15 18:10:58:632]  INFO holder.CharTemplateHolder: CharTemplateHolder: loaded 206 char template(s) count.
[14.11.15 18:10:59:401]  INFO holder.ResidenceHolder: ResidenceHolder: total size: 83
[14.11.15 18:10:59:402]  INFO holder.ResidenceHolder: ResidenceHolder:  - load 44 clanhall(s).
[14.11.15 18:10:59:402]  INFO holder.ResidenceHolder: ResidenceHolder:  - load 9 dominion(s).
[14.11.15 18:10:59:403]  INFO holder.ResidenceHolder: ResidenceHolder:  - load 21 fortress(s).
[14.11.15 18:10:59:403]  INFO holder.ResidenceHolder: ResidenceHolder:  - load 9 castle(s).
[14.11.15 18:10:59:697]  INFO instancemanager.RaidBossSpawnManager: RaidBossSpawnManager: Loaded 0 Statuses
[14.11.15 18:10:59:805]  INFO entity.SevenSigns: SevenSigns: Currently in the Competition (Quest Event) period!
[14.11.15 18:10:59:806]  INFO entity.SevenSigns: SevenSigns: The Seal of Avarice remains unclaimed.
[14.11.15 18:10:59:806]  INFO entity.SevenSigns: SevenSigns: The Seal of Gnosis remains unclaimed.
[14.11.15 18:10:59:806]  INFO entity.SevenSigns: SevenSigns: The Seal of Strife remains unclaimed.
[14.11.15 18:10:59:806]  INFO entity.SevenSigns: SevenSigns: The Competition this week, if the trend continue, will end with a tie.
[14.11.15 18:10:59:807]  INFO entity.SevenSigns: SevenSigns: Next period begins in 1 days, 23 hours and 49 mins.
[14.11.15 18:11:00:295]  INFO holder.EventHolder: EventHolder: loaded 101 event(s) count.
[14.11.15 18:11:00:303]  INFO holder.CubicHolder: CubicHolder: loaded 145 cubic(s) count.
[14.11.15 18:11:00:452]  INFO holder.BuyListHolder: TradeController: Loaded 4 file(s).
[14.11.15 18:11:00:452]  INFO holder.BuyListHolder: TradeController: Loaded 25069 Items.
[14.11.15 18:11:00:453]  INFO holder.BuyListHolder: TradeController: Loaded 728 Buylists.
[14.11.15 18:11:00:547]  INFO holder.RecipeHolder: RecipeController: Loaded 998 Recipes.
[14.11.15 18:11:02:618]  WARN holder.MultiSellHolder: MultiSell [10051] is empty!
[14.11.15 18:11:02:619]  WARN holder.MultiSellHolder: MultiSell [10051] is empty!
[14.11.15 18:11:02:619]  WARN holder.MultiSellHolder: MultiSell [10051] is empty!
[14.11.15 18:11:02:620]  WARN holder.MultiSellHolder: MultiSell [10051] is empty!
[14.11.15 18:11:02:620]  WARN holder.MultiSellHolder: MultiSell [10051] is empty!
[14.11.15 18:11:02:620]  WARN holder.MultiSellHolder: MultiSell [10051] is empty!
[14.11.15 18:11:02:621]  WARN holder.MultiSellHolder: MultiSell [10051] is empty!
[14.11.15 18:11:02:621]  WARN holder.MultiSellHolder: MultiSell [10051] is empty!
[14.11.15 18:11:02:622]  WARN holder.MultiSellHolder: MultiSell [10051] is empty!
[14.11.15 18:11:02:622]  WARN holder.MultiSellHolder: MultiSell [10051] is empty!
[14.11.15 18:11:02:622]  WARN holder.MultiSellHolder: MultiSell [10051] is empty!
[14.11.15 18:11:02:623]  WARN holder.MultiSellHolder: MultiSell [10051] is empty!
[14.11.15 18:11:02:623]  WARN holder.MultiSellHolder: MultiSell [10051] is empty!
[14.11.15 18:11:02:624]  WARN holder.MultiSellHolder: MultiSell [10051] is empty!
[14.11.15 18:11:02:624]  WARN holder.MultiSellHolder: MultiSell [10051] is empty!
[14.11.15 18:11:02:624]  WARN holder.MultiSellHolder: MultiSell [10051] is empty!
[14.11.15 18:11:02:625]  WARN holder.MultiSellHolder: MultiSell [10051] is empty!
[14.11.15 18:11:02:625]  WARN holder.MultiSellHolder: MultiSell [10051] is empty!
[14.11.15 18:11:02:626]  WARN holder.MultiSellHolder: MultiSell [10051] is empty!
[14.11.15 18:11:02:626]  WARN holder.MultiSellHolder: MultiSell [10051] is empty!
[14.11.15 18:11:02:626]  WARN holder.MultiSellHolder: MultiSell [10051] is empty!
[14.11.15 18:11:02:627]  WARN holder.MultiSellHolder: MultiSell [10051] is empty!
[14.11.15 18:11:02:627]  WARN holder.MultiSellHolder: MultiSell [10051] is empty!
[14.11.15 18:11:02:627]  WARN holder.MultiSellHolder: MultiSell [10051] is empty!
[14.11.15 18:11:02:628]  WARN holder.MultiSellHolder: MultiSell [10051] is empty!
[14.11.15 18:11:02:628]  WARN holder.MultiSellHolder: MultiSell [10051] is empty!
[14.11.15 18:11:02:628]  WARN holder.MultiSellHolder: MultiSell [10051] is empty!
[14.11.15 18:11:02:629]  WARN holder.MultiSellHolder: MultiSell [10051] is empty!
[14.11.15 18:11:02:629]  WARN holder.MultiSellHolder: MultiSell [10051] is empty!
[14.11.15 18:11:02:629]  WARN holder.MultiSellHolder: MultiSell [10051] is empty!
[14.11.15 18:11:02:659]  WARN holder.MultiSellHolder: MultiSell redefined: 3111301
[14.11.15 18:11:02:706]  WARN holder.MultiSellHolder: MultiSell redefined: 3112601
[14.11.15 18:11:02:745]  WARN holder.MultiSellHolder: MultiSell redefined: 3112602
[14.11.15 18:11:02:911]  WARN holder.MultiSellHolder: MultiSell redefined: 3112603
[14.11.15 18:11:02:914]  WARN holder.MultiSellHolder: MultiSell redefined: 3112604
[14.11.15 18:11:02:917]  WARN holder.MultiSellHolder: MultiSell redefined: 3112605
[14.11.15 18:11:03:028]  WARN holder.MultiSellHolder: MultiSell redefined: 3112606
[14.11.15 18:11:03:053]  WARN holder.MultiSellHolder: MultiSell redefined: 3112607
[14.11.15 18:11:03:055]  WARN holder.MultiSellHolder: MultiSell redefined: 3112608
[14.11.15 18:11:03:057]  WARN holder.MultiSellHolder: MultiSell redefined: 3112609
[14.11.15 18:11:03:088]  WARN holder.MultiSellHolder: MultiSell redefined: 3112610
[14.11.15 18:11:03:091]  WARN holder.MultiSellHolder: MultiSell redefined: 3112611
[14.11.15 18:11:03:093]  WARN holder.MultiSellHolder: MultiSell redefined: 3112612
[14.11.15 18:11:03:095]  WARN holder.MultiSellHolder: MultiSell redefined: 3112613
[14.11.15 18:11:03:133]  WARN holder.MultiSellHolder: MultiSell redefined: 3112614
[14.11.15 18:11:03:136]  WARN holder.MultiSellHolder: MultiSell redefined: 3112615
[14.11.15 18:11:03:138]  WARN holder.MultiSellHolder: MultiSell redefined: 400
[14.11.15 18:11:03:655]  INFO holder.ProductHolder: ProductItemTable: Loaded 193 product item on sale.
[14.11.15 18:11:03:713]  INFO holder.HennaHolder: HennaHolder: loaded 180 henna(s) count.
[14.11.15 18:11:03:741]  INFO holder.EnchantItemHolder: EnchantItemHolder: load 4 enchant scroll(s).
[14.11.15 18:11:03:762]  INFO holder.SoulCrystalHolder: SoulCrystalHolder: loaded 54 soul crystal(s) count.
[14.11.15 18:11:03:814]  INFO holder.ArmorSetsHolder: ArmorSetsHolder: loaded 217 armor sets(s) count.
[14.11.15 18:11:03:843]  INFO holder.PetitionGroupHolder: PetitionGroupHolder: loaded 1 petition group(s) count.
[14.11.15 18:11:03:846]  INFO cache.CrestCache: CrestCache: Loaded 0 crests
[14.11.15 18:11:03:890]  INFO tables.FishTable: FishTable: Loaded 270 fishes.
[14.11.15 18:11:03:897]  INFO tables.FishTable: FishTable: Loaded 919 fish rewards.
[14.11.15 18:11:03:898]  INFO tables.SkillTreeTable: SkillTreeTable: Loaded 526 enchanted skills.
[14.11.15 18:11:03:900]  INFO tables.AugmentationData: Initializing AugmentationData.
[14.11.15 18:11:03:955]  INFO tables.AugmentationData: AugmentationData: 10 bad skill(s) were skipped.
[14.11.15 18:11:04:091]  INFO tables.AugmentationData: AugmentationData: Loaded: 52 augmentation stats.
[14.11.15 18:11:04:092]  INFO tables.AugmentationData: AugmentationData: Loaded: 24 accessory augmentation stats.
[14.11.15 18:11:04:092]  INFO tables.AugmentationData: AugmentationData: Loaded: 17 blue, 106 purple and 54 red skills for lifeStoneLevel 0
[14.11.15 18:11:04:092]  INFO tables.AugmentationData: AugmentationData: Loaded: 17 blue, 106 purple and 54 red skills for lifeStoneLevel 1
[14.11.15 18:11:04:092]  INFO tables.AugmentationData: AugmentationData: Loaded: 17 blue, 106 purple and 54 red skills for lifeStoneLevel 2
[14.11.15 18:11:04:093]  INFO tables.AugmentationData: AugmentationData: Loaded: 17 blue, 106 purple and 54 red skills for lifeStoneLevel 3
[14.11.15 18:11:04:093]  INFO tables.AugmentationData: AugmentationData: Loaded: 17 blue, 106 purple and 54 red skills for lifeStoneLevel 4
[14.11.15 18:11:04:093]  INFO tables.AugmentationData: AugmentationData: Loaded: 17 blue, 106 purple and 54 red skills for lifeStoneLevel 5
[14.11.15 18:11:04:094]  INFO tables.AugmentationData: AugmentationData: Loaded: 17 blue, 106 purple and 54 red skills for lifeStoneLevel 6
[14.11.15 18:11:04:094]  INFO tables.AugmentationData: AugmentationData: Loaded: 17 blue, 106 purple and 54 red skills for lifeStoneLevel 7
[14.11.15 18:11:04:095]  INFO tables.AugmentationData: AugmentationData: Loaded: 17 blue, 106 purple and 54 red skills for lifeStoneLevel 8
[14.11.15 18:11:04:095]  INFO tables.AugmentationData: AugmentationData: Loaded: 17 blue, 106 purple and 54 red skills for lifeStoneLevel 9
[14.11.15 18:11:04:113]  INFO tables.EnchantHPBonusTable: EnchantHPBonusTable: Loaded bonuses for 6 grades.
[14.11.15 18:11:04:118]  INFO tables.LevelUpTable: LevelUpData: Loaded 103 Character Level Up Templates.
[14.11.15 18:11:04:126]  INFO tables.PetSkillsTable: PetSkillsTable: Loaded 3031 skills.
[14.11.15 18:11:04:131]  INFO itemauction.ItemAuctionManager: Initializing ItemAuctionManager
[14.11.15 18:11:04:182]  INFO itemauction.ItemAuctionInstance: ItemAuction: Loaded 78 item(s) and registered 1 auction(s) for instance 32320.
[14.11.15 18:11:04:183]  INFO itemauction.ItemAuctionInstance: ItemAuction: Schedule next auction 1 on 2015.11.17 17:00:00 for instance 32320
[14.11.15 18:11:04:184]  INFO itemauction.ItemAuctionInstance: ItemAuction: Loaded 78 item(s) and registered 1 auction(s) for instance 32321.
[14.11.15 18:11:04:185]  INFO itemauction.ItemAuctionInstance: ItemAuction: Schedule next auction 2 on 2015.11.19 17:00:00 for instance 32321
[14.11.15 18:11:04:187]  INFO itemauction.ItemAuctionInstance: ItemAuction: Loaded 78 item(s) and registered 2 auction(s) for instance 32322.
[14.11.15 18:11:04:188]  INFO itemauction.ItemAuctionInstance: ItemAuction: Schedule current auction 3 for instance 32322
[14.11.15 18:11:04:188]  INFO itemauction.ItemAuctionManager: ItemAuctionManager: Loaded 3 instance(s).
[14.11.15 18:11:04:211]  INFO bosses.AntharasManager: AntharasManager: State of Antharas is NOTSPAWN.
[14.11.15 18:11:04:213]  INFO bosses.AntharasManager: AntharasManager: Next spawn date of Antharas is 03:00 01.01.1970.
[14.11.15 18:11:04:213]  INFO threading.RunnableImpl: Спавно Босс Antharas
[14.11.15 18:11:04:214]  INFO threading.RunnableImpl: Спавно Босс Baium
[14.11.15 18:11:04:215]  INFO bosses.BaiumManager: BaiumManager: State of Baium is NOTSPAWN.
[14.11.15 18:11:04:220]  INFO bosses.BaiumManager: BaiumManager: Next spawn date: 03:00 01.01.1970
[14.11.15 18:11:04:221]  INFO threading.RunnableImpl: Спавно Босс Baylor
[14.11.15 18:11:04:231]  INFO bosses.BelethManager: Beleth Manager: Loaded successfuly
[14.11.15 18:11:04:233]  INFO bosses.FourSepulchersSpawn: FourSepulchersManager: Loaded 20 Mysterious-Box spawns.
[14.11.15 18:11:04:243]  INFO bosses.FourSepulchersSpawn: FourSepulchersManager: loaded 716 physical monsters spawns.
[14.11.15 18:11:04:249]  INFO bosses.FourSepulchersSpawn: FourSepulchersManager: loaded 716 magical monsters spawns.
[14.11.15 18:11:04:251]  INFO bosses.FourSepulchersSpawn: FourSepulchersManager: loaded 92 Church of duke monsters spawns.
[14.11.15 18:11:04:253]  INFO bosses.FourSepulchersSpawn: FourSepulchersManager: loaded 68 Emperor's grave NPC spawns.
[14.11.15 18:11:04:255]  INFO bosses.FourSepulchersSpawn: FourSepulchersManager: Spawned Conquerors' Sepulcher Manager
[14.11.15 18:11:04:256]  INFO bosses.FourSepulchersSpawn: FourSepulchersManager: Spawned Emperors' Sepulcher Manager
[14.11.15 18:11:04:256]  INFO bosses.FourSepulchersSpawn: FourSepulchersManager: Spawned Great Sages' Sepulcher Manager
[14.11.15 18:11:04:257]  INFO bosses.FourSepulchersSpawn: FourSepulchersManager: Spawned Judges' Sepulcher Manager
[14.11.15 18:11:04:258]  INFO bosses.FourSepulchersManager: FourSepulchersManager: Beginning in Attack time
[14.11.15 18:11:04:260]  INFO bosses.SailrenManager: SailrenManager: State of Sailren is NOTSPAWN.
[14.11.15 18:11:04:261]  INFO threading.RunnableImpl: Спавно Босс Sailren
[14.11.15 18:11:04:261]  INFO bosses.SailrenManager: SailrenManager: Next spawn date of Sailren is 03:00 01.01.1970.
[14.11.15 18:11:04:266]  INFO threading.RunnableImpl: Sat Nov 14 18:11:04 MSK 2015 Atk announce scheduled to 15.0 minute of this hour.
[14.11.15 18:11:04:277]  INFO threading.RunnableImpl: Спавно Босс Valakas
[14.11.15 18:11:04:277]  INFO bosses.ValakasManager: ValakasManager: State of Valakas is NOTSPAWN.
[14.11.15 18:11:04:278]  INFO bosses.ValakasManager: ValakasManager: Next spawn date of Valakas is 03:00 01.01.1970.
[14.11.15 18:11:04:556]  INFO model.Manor: ManorManager: Loaded 270 seeds
[14.11.15 18:11:04:708] ERROR scripts.Scripts: Scripts: Failed running quests.Dominion_KillSpecialUnitQuest.onLoad()
java.lang.InstantiationException
	at sun.reflect.InstantiationExceptionConstructorAccessorImpl.newInstance(Unknown Source)
	at java.lang.reflect.Constructor.newInstance(Unknown Source)
	at java.lang.Class.newInstance(Unknown Source)
	at l2p.gameserver.scripts.Scripts.init(Unknown Source)
	at l2p.gameserver.GameServer.<init>(Unknown Source)
	at l2p.gameserver.GameServer.main(Unknown Source)
[14.11.15 18:11:04:840]  INFO scriptConfig.ScriptConfig: Loaded Service: ScripsConfig
[14.11.15 18:11:04:842]  INFO services.Bash: Loaded Service: Bash [enabled]
[14.11.15 18:11:05:221]  INFO services.Bash: Service: Bash - RSS data download completed.
[14.11.15 18:11:05:227]  INFO services.Bash: Service: Bash - RSS data parsed: loaded 100 quotes.
[14.11.15 18:11:05:244]  INFO community.Augmentation: CommunityBoard: ArgumManager loaded.
[14.11.15 18:11:05:248]  INFO community.ClanCommunity: CommunityBoard: Clan Community service loaded.
[14.11.15 18:11:05:249]  INFO community.CommunityBoard: CommunityBoard: service loaded.
[14.11.15 18:11:05:251]  INFO community.CommunityBoardBuffer: CommunityBoard: Buffer Community service loaded.
[14.11.15 18:11:05:255]  INFO community.CommunityBoardCommission: CommunityBoard: Commission Loaded
[14.11.15 18:11:05:258]  INFO community.CommunityBoardEnchanter: CommunityBoard: Enchant Community service loaded.
[14.11.15 18:11:05:261]  INFO community.CommunityBoardNewStats: CommunityBoard: New Stats service loaded.
[14.11.15 18:11:05:262]  INFO community.CommunityBoardProfession: CommunityBoard: Manage Career service loaded.
[14.11.15 18:11:05:262]  INFO community.CommunityBoardServices: CommunityBoard: Manager Community services loaded.
[14.11.15 18:11:05:264]  INFO community.CommunityBoardTeleport: CommunityBoard: Teleport Community service loaded.
[14.11.15 18:11:05:264]  INFO community.CommunityBoardWarehouse: CommunityBoard: Warehouse loaded.
[14.11.15 18:11:05:265]  INFO community.ManageFavorites: CommunityBoard: Manage Favorites service loaded.
[14.11.15 18:11:05:266]  INFO community.ManageFriends: CommunityBoard: Manage Friends service loaded.
[14.11.15 18:11:05:267]  INFO community.ManageMemo: CommunityBoard: Manage Memo service loaded.
[14.11.15 18:11:05:268]  INFO community.PrivateMail: CommunityBoard: Private Mail service loaded.
[14.11.15 18:11:05:269]  INFO community.RegionCommunity: CommunityBoard: Region service loaded.
[14.11.15 18:11:05:577]  INFO instancemanager.SpawnManager: SpawnManager: spawned 1000 npc for group: NONE
[14.11.15 18:11:05:967]  INFO instancemanager.SpawnManager: SpawnManager: spawned 5000 npc for group: NONE
[14.11.15 18:11:06:059]  INFO naia.NaiaTowerManager: Naia Tower Manager: Loaded 12 rooms
[14.11.15 18:11:10:367]  INFO instancemanager.SpawnManager: SpawnManager: spawned 9000 npc for group: NONE
[14.11.15 18:11:10:818]  INFO instancemanager.SpawnManager: SpawnManager: spawned 13000 npc for group: NONE
[14.11.15 18:11:11:007]  INFO instancemanager.SpawnManager: SpawnManager: spawned 16000 npc for group: NONE
[14.11.15 18:11:11:190]  INFO instancemanager.SpawnManager: SpawnManager: spawned 18000 npc for group: NONE
[14.11.15 18:11:11:347]  INFO instancemanager.SpawnManager: SpawnManager: spawned 20000 npc for group: NONE
[14.11.15 18:11:11:450]  INFO instancemanager.SpawnManager: SpawnManager: spawned 21000 npc for group: NONE
[14.11.15 18:11:11:537]  INFO instancemanager.SpawnManager: SpawnManager: spawned 22000 npc for group: NONE
[14.11.15 18:11:11:638]  INFO instancemanager.SpawnManager: SpawnManager: spawned 23000 npc for group: NONE
[14.11.15 18:11:11:820]  INFO instancemanager.SpawnManager: SpawnManager: spawned 26000 npc for group: NONE
[14.11.15 18:11:11:843]  INFO instancemanager.SpawnManager: SpawnManager: spawned 27000 npc for group: NONE
[14.11.15 18:11:11:903]  INFO instancemanager.SpawnManager: SpawnManager: spawned 28000 npc for group: NONE
[14.11.15 18:11:11:964]  INFO instancemanager.SpawnManager: SpawnManager: spawned 29000 npc for group: NONE
[14.11.15 18:11:14:148]  INFO instancemanager.SpawnManager: SpawnManager: spawned 30000 npc for group: NONE
[14.11.15 18:11:14:221]  INFO instancemanager.SpawnManager: SpawnManager: spawned 31000 npc for group: NONE
[14.11.15 18:11:14:273]  INFO instancemanager.SpawnManager: SpawnManager: spawned 32000 npc for group: NONE
[14.11.15 18:11:14:366]  INFO instancemanager.SpawnManager: SpawnManager: spawned 34000 npc for group: NONE
[14.11.15 18:11:14:473]  INFO instancemanager.SpawnManager: SpawnManager: spawned 36000 npc for group: NONE
[14.11.15 18:11:14:553]  INFO instancemanager.SpawnManager: SpawnManager: spawned 37911 npc; spawns: 16981; group: NONE
[14.11.15 18:11:14:554]  INFO instancemanager.SpawnManager: SpawnManager: spawned 17 npc; spawns: 17; group: class_master
[14.11.15 18:11:14:555]  INFO data.BoatHolder: BoatHolder: loaded 5 boat(s) count.
[14.11.15 18:11:14:557]  INFO data.BoatHolder: BoatHolder: Spawning: GludinRune_Vehicle
[14.11.15 18:11:14:557]  INFO data.BoatHolder: BoatHolder: Spawning: GiranTalkin_Vehicle
[14.11.15 18:11:14:557]  INFO data.BoatHolder: BoatHolder: Spawning: AdenGracia_Airship
[14.11.15 18:11:14:558]  INFO data.BoatHolder: BoatHolder: Spawning: TalkingGludin_Vehicle
[14.11.15 18:11:14:559]  INFO data.BoatHolder: BoatHolder: Spawning: RunePrimeval_Vehicle
[14.11.15 18:11:14:561]  INFO holder.StaticObjectHolder: StaticObjectHolder: spawned: 50 static object(s).
[14.11.15 18:11:14:606]  INFO instancemanager.DimensionalRiftManager: DimensionalRiftManager: Loaded 13 room types with 112 rooms.
[14.11.15 18:11:14:606]  INFO instancemanager.DimensionalRiftManager: DimensionalRiftManager: Loaded 300 DimensionalRift spawns, 0 errors.
[14.11.15 18:11:14:638]  INFO instancemanager.AutoSpawnManager: AutoSpawnHandler: Loaded 50 handlers in total.
[14.11.15 18:11:14:652]  INFO olympiad.Olympiad: Olympiad System: Loading Olympiad System....
[14.11.15 18:11:14:652]  INFO olympiad.Olympiad: Olympiad System: Currently in Olympiad Period
[14.11.15 18:11:14:652]  INFO olympiad.Olympiad: Olympiad System: Period Ends....
[14.11.15 18:11:14:652]  INFO olympiad.Olympiad: Olympiad System: In 16 days, 5 hours and 49 mins.
[14.11.15 18:11:14:652]  INFO olympiad.Olympiad: Olympiad System: Next Weekly Change is in....
[14.11.15 18:11:14:652]  INFO olympiad.Olympiad: Olympiad System: In 6 days, 4 hours and 38 mins.
[14.11.15 18:11:14:652]  INFO olympiad.Olympiad: Olympiad System: Loaded 0 Noblesses
[14.11.15 18:11:14:653]  INFO olympiad.Olympiad: Olympiad System: Competition Period Starts in 0 days, 0 hours and 0 mins.
[14.11.15 18:11:14:653]  INFO olympiad.Olympiad: Olympiad System: Event starts/started: Sat Nov 14 18:00:14 MSK 2015
[14.11.15 18:11:14:656]  INFO entity.Hero: Hero System: Loaded 0 Heroes.
[14.11.15 18:11:14:656]  INFO entity.Hero: Hero System: Loaded 0 all time Heroes.
[14.11.15 18:11:14:657]  INFO instancemanager.PetitionManager: Initializing PetitionManager
[14.11.15 18:11:14:666]  INFO olympiad.CompStartTask: Olympiad System: Olympiad Game Started
[14.11.15 18:11:14:702]  INFO instancemanager.CursedWeaponsManager: CursedWeaponsManager: Loaded 2 cursed weapon(s).
[14.11.15 18:11:14:703]  INFO instancemanager.CoupleManager: Initializing CoupleManager
[14.11.15 18:11:14:703]  INFO instancemanager.CoupleManager: Loaded: 0 couples(s)
[14.11.15 18:11:14:703]  INFO gameserver.GameServer: CoupleManager initialized
[14.11.15 18:11:14:704]  INFO admincommands.AdminCommandHandler: AdminCommandHandler: loaded 358 admin command handler(s) count.
[14.11.15 18:11:14:708]  INFO usercommands.UserCommandHandler: UserCommandHandler: loaded 16 user command handler(s) count.
[14.11.15 18:11:14:708]  INFO voicecommands.VoicedCommandHandler: VoicedCommandHandler: loaded 39 voiced command handler(s) count.
[14.11.15 18:11:14:726]  INFO A.M: BBSBufferConfig: Initializing complete.
[14.11.15 18:11:14:739]  INFO A.L: BuffTable: loaded 120 objects.
[14.11.15 18:11:14:747]  INFO A.J: CharacterTable: loaded 0 objects
[14.11.15 18:11:14:828]  INFO gameserver.GameServer: =[Events]=========================================
[14.11.15 18:11:14:884]  INFO impl.CastleSiegeEvent: CastleSiegeEvent: Gludio Castle time - 16:00 15.11.2015
[14.11.15 18:11:14:887]  INFO impl.CastleSiegeEvent: CastleSiegeEvent: Dion Castle time - 16:00 15.11.2015
[14.11.15 18:11:14:890]  INFO impl.CastleSiegeEvent: CastleSiegeEvent: Giran Castle time - 20:00 15.11.2015
[14.11.15 18:11:14:892]  INFO impl.CastleSiegeEvent: CastleSiegeEvent: Oren Castle time - 20:00 15.11.2015
[14.11.15 18:11:14:895]  INFO impl.CastleSiegeEvent: CastleSiegeEvent: Aden Castle time - 16:00 15.11.2015
[14.11.15 18:11:14:899]  INFO impl.CastleSiegeEvent: CastleSiegeEvent: Innadril Castle time - 20:00 15.11.2015
[14.11.15 18:11:14:952]  INFO impl.CastleSiegeEvent: CastleSiegeEvent: Goddard Castle time - 16:00 15.11.2015
[14.11.15 18:11:14:954]  INFO impl.CastleSiegeEvent: CastleSiegeEvent: Rune Castle time - 20:00 15.11.2015
[14.11.15 18:11:14:956]  INFO impl.CastleSiegeEvent: CastleSiegeEvent: Schuttgart Castle time - 16:00 15.11.2015
[14.11.15 18:11:14:959]  INFO impl.ClanHallNpcSiegeEvent: ClanHallNpcSiegeEvent: Fortress Of Resistance time - 18:00 23.11.2015
[14.11.15 18:11:14:959]  INFO impl.ClanHallAuctionEvent: ClanHallAuctionEvent: Moonstone Hall time - 15:00 09.11.2015
[14.11.15 18:11:14:959]  INFO impl.ClanHallAuctionEvent: ClanHallAuctionEvent: Onyx Hall time - 15:00 09.11.2015
[14.11.15 18:11:14:960]  INFO impl.ClanHallAuctionEvent: ClanHallAuctionEvent: Topaz Hall time - 15:00 09.11.2015
[14.11.15 18:11:14:960]  INFO impl.ClanHallAuctionEvent: ClanHallAuctionEvent: Ruby Hall time - 15:00 09.11.2015
[14.11.15 18:11:14:961]  INFO impl.ClanHallAuctionEvent: ClanHallAuctionEvent: Crystal Hall time - 15:00 09.11.2015
[14.11.15 18:11:14:961]  INFO impl.ClanHallAuctionEvent: ClanHallAuctionEvent: Onyx Hall time - 15:00 09.11.2015
[14.11.15 18:11:14:961]  INFO impl.ClanHallAuctionEvent: ClanHallAuctionEvent: Sapphire Hall time - 15:00 09.11.2015
[14.11.15 18:11:14:962]  INFO impl.ClanHallAuctionEvent: ClanHallAuctionEvent: Moonstone Hall time - 15:00 09.11.2015
[14.11.15 18:11:14:962]  INFO impl.ClanHallAuctionEvent: ClanHallAuctionEvent: Emerald Hall time - 15:00 09.11.2015
[14.11.15 18:11:14:962]  INFO impl.ClanHallAuctionEvent: ClanHallAuctionEvent: The Atramental Barracks time - 15:00 09.11.2015
[14.11.15 18:11:14:962]  INFO impl.ClanHallAuctionEvent: ClanHallAuctionEvent: The Scarlet Barracks time - 15:00 09.11.2015
[14.11.15 18:11:14:963]  INFO impl.ClanHallAuctionEvent: ClanHallAuctionEvent: The Viridian Barracks time - 15:00 09.11.2015
[14.11.15 18:11:14:964]  INFO impl.ClanHallSiegeEvent: ClanHallSiegeEvent: Devastated Castle time - 18:00 28.11.2015
[14.11.15 18:11:14:964]  INFO impl.ClanHallTeamBattleEvent: ClanHallTeamBattleEvent: Bandit Stronghold time - 22:00 14.11.2015
[14.11.15 18:11:14:965]  INFO impl.ClanHallAuctionEvent: ClanHallAuctionEvent: The Golden Chamber time - 15:00 09.11.2015
[14.11.15 18:11:14:965]  INFO impl.ClanHallAuctionEvent: ClanHallAuctionEvent: The Silver Chamber time - 15:00 09.11.2015
[14.11.15 18:11:14:966]  INFO impl.ClanHallAuctionEvent: ClanHallAuctionEvent: The Mithril Chamber time - 15:00 09.11.2015
[14.11.15 18:11:14:966]  INFO impl.ClanHallAuctionEvent: ClanHallAuctionEvent: Silver Manor time - 15:00 09.11.2015
[14.11.15 18:11:14:967]  INFO impl.ClanHallAuctionEvent: ClanHallAuctionEvent: Gold Manor time - 15:00 09.11.2015
[14.11.15 18:11:14:967]  INFO impl.ClanHallAuctionEvent: ClanHallAuctionEvent: The Bronze Chamber time - 15:00 09.11.2015
[14.11.15 18:11:14:967]  INFO impl.ClanHallAuctionEvent: ClanHallAuctionEvent: The Golden Chamber time - 15:00 09.11.2015
[14.11.15 18:11:14:968]  INFO impl.ClanHallAuctionEvent: ClanHallAuctionEvent: The Silver Chamber time - 15:00 09.11.2015
[14.11.15 18:11:14:968]  INFO impl.ClanHallAuctionEvent: ClanHallAuctionEvent: The Mithril Chamber time - 15:00 09.11.2015
[14.11.15 18:11:14:969]  INFO impl.ClanHallAuctionEvent: ClanHallAuctionEvent: The Bronze Chamber time - 15:00 09.11.2015
[14.11.15 18:11:14:969]  INFO impl.ClanHallAuctionEvent: ClanHallAuctionEvent: Silver Manor time - 15:00 09.11.2015
[14.11.15 18:11:14:969]  INFO impl.ClanHallAuctionEvent: ClanHallAuctionEvent: Moonstone Hall time - 15:00 09.11.2015
[14.11.15 18:11:14:970]  INFO impl.ClanHallAuctionEvent: ClanHallAuctionEvent: Onyx Hall time - 15:00 09.11.2015
[14.11.15 18:11:14:970]  INFO impl.ClanHallAuctionEvent: ClanHallAuctionEvent: Emerald Hall time - 15:00 09.11.2015
[14.11.15 18:11:14:970]  INFO impl.ClanHallAuctionEvent: ClanHallAuctionEvent: Sapphire Hall time - 15:00 09.11.2015
[14.11.15 18:11:14:970]  INFO impl.ClanHallAuctionEvent: ClanHallAuctionEvent: Mont Chamber time - 15:00 09.11.2015
[14.11.15 18:11:14:971]  INFO impl.ClanHallAuctionEvent: ClanHallAuctionEvent: Astaire Chamber time - 15:00 09.11.2015
[14.11.15 18:11:14:971]  INFO impl.ClanHallAuctionEvent: ClanHallAuctionEvent: Aria Chamber time - 15:00 09.11.2015
[14.11.15 18:11:14:972]  INFO impl.ClanHallAuctionEvent: ClanHallAuctionEvent: Yiana Chamber time - 15:00 09.11.2015
[14.11.15 18:11:14:972]  INFO impl.ClanHallAuctionEvent: ClanHallAuctionEvent: Roien Chamber time - 15:00 09.11.2015
[14.11.15 18:11:14:972]  INFO impl.ClanHallAuctionEvent: ClanHallAuctionEvent: Luna Chamber time - 15:00 09.11.2015
[14.11.15 18:11:14:973]  INFO impl.ClanHallAuctionEvent: ClanHallAuctionEvent: Traban Chamber time - 15:00 09.11.2015
[14.11.15 18:11:14:973]  INFO impl.ClanHallAuctionEvent: ClanHallAuctionEvent: Eisen Hall time - 15:00 09.11.2015
[14.11.15 18:11:14:973]  INFO impl.ClanHallAuctionEvent: ClanHallAuctionEvent: Heavy Metal Hall time - 15:00 09.11.2015
[14.11.15 18:11:14:974]  INFO impl.ClanHallAuctionEvent: ClanHallAuctionEvent: Molten Ore Hall time - 15:00 09.11.2015
[14.11.15 18:11:14:974]  INFO impl.ClanHallAuctionEvent: ClanHallAuctionEvent: Titan Hall time - 15:00 09.11.2015
[14.11.15 18:11:14:975]  INFO impl.ClanHallMiniGameEvent: ClanHallMiniGameEvent: Rainbow Springs time - 22:00 21.11.2015
[14.11.15 18:11:14:976]  INFO impl.ClanHallTeamBattleEvent: ClanHallTeamBattleEvent: Wild Beast Reserve time - 21:00 14.11.2015
[14.11.15 18:11:14:976]  INFO impl.ClanHallSiegeEvent: ClanHallSiegeEvent: Fortress of Dead time - 18:00 28.11.2015
[14.11.15 18:11:14:978]  INFO impl.DominionSiegeEvent: DominionSiegeEvent: Gludio Dominion time - undefined
[14.11.15 18:11:14:979]  INFO impl.DominionSiegeEvent: DominionSiegeEvent: Dion Dominion time - undefined
[14.11.15 18:11:14:979]  INFO impl.DominionSiegeEvent: DominionSiegeEvent: Giran Dominion time - undefined
[14.11.15 18:11:14:980]  INFO impl.DominionSiegeEvent: DominionSiegeEvent: Oren Dominion time - undefined
[14.11.15 18:11:14:980]  INFO impl.DominionSiegeEvent: DominionSiegeEvent: Aden Dominion time - undefined
[14.11.15 18:11:14:981]  INFO impl.DominionSiegeEvent: DominionSiegeEvent: Innadril Dominion time - undefined
[14.11.15 18:11:14:985]  INFO impl.DominionSiegeEvent: DominionSiegeEvent: Goddard Dominion time - undefined
[14.11.15 18:11:14:986]  INFO impl.DominionSiegeEvent: DominionSiegeEvent: Rune Dominion time - undefined
[14.11.15 18:11:14:986]  INFO impl.DominionSiegeEvent: DominionSiegeEvent: Schuttgart Dominion time - undefined
[14.11.15 18:11:14:988]  INFO impl.FortressSiegeEvent: FortressSiegeEvent: Shanty Fortress time - undefined
[14.11.15 18:11:14:990]  INFO impl.FortressSiegeEvent: FortressSiegeEvent: Southern Fortress time - undefined
[14.11.15 18:11:14:991]  INFO impl.FortressSiegeEvent: FortressSiegeEvent: Hive Fortress time - undefined
[14.11.15 18:11:14:992]  INFO impl.FortressSiegeEvent: FortressSiegeEvent: Valley Fortress time - undefined
[14.11.15 18:11:14:994]  INFO impl.FortressSiegeEvent: FortressSiegeEvent: Ivory Fortress time - undefined
[14.11.15 18:11:14:995]  INFO impl.FortressSiegeEvent: FortressSiegeEvent: Narsell Fortress time - undefined
[14.11.15 18:11:14:996]  INFO impl.FortressSiegeEvent: FortressSiegeEvent: Bayou Fortress time - undefined
[14.11.15 18:11:15:017]  INFO impl.FortressSiegeEvent: FortressSiegeEvent: White Sands Fortress time - undefined
[14.11.15 18:11:15:018]  INFO impl.FortressSiegeEvent: FortressSiegeEvent: Borderland Fortress time - undefined
[14.11.15 18:11:15:020]  INFO impl.FortressSiegeEvent: FortressSiegeEvent: Swamp Fortress time - undefined
[14.11.15 18:11:15:021]  INFO impl.FortressSiegeEvent: FortressSiegeEvent: Archaic Fortress time - undefined
[14.11.15 18:11:15:023]  INFO impl.FortressSiegeEvent: FortressSiegeEvent: Floran Fortress time - undefined
[14.11.15 18:11:15:024]  INFO impl.FortressSiegeEvent: FortressSiegeEvent: Cloud Mountain Fortress time - undefined
[14.11.15 18:11:15:025]  INFO impl.FortressSiegeEvent: FortressSiegeEvent: Tanor Fortress time - undefined
[14.11.15 18:11:15:026]  INFO impl.FortressSiegeEvent: FortressSiegeEvent: Dragonspine Fortress time - undefined
[14.11.15 18:11:15:029]  INFO impl.FortressSiegeEvent: FortressSiegeEvent: Antharas Fortress time - undefined
[14.11.15 18:11:15:030]  INFO impl.FortressSiegeEvent: FortressSiegeEvent: Western Fortress time - undefined
[14.11.15 18:11:15:031]  INFO impl.FortressSiegeEvent: FortressSiegeEvent: Hunter's Fortress time - undefined
[14.11.15 18:11:15:032]  INFO impl.FortressSiegeEvent: FortressSiegeEvent: Aaru Fortress time - undefined
[14.11.15 18:11:15:034]  INFO impl.FortressSiegeEvent: FortressSiegeEvent: Demon Fortress time - undefined
[14.11.15 18:11:15:035]  INFO impl.FortressSiegeEvent: FortressSiegeEvent: Monastic Fortress time - undefined
[14.11.15 18:11:15:036]  INFO impl.KrateisCubeEvent: KrateisCubeEvent: Krateis Cube 70-75 Level time - 18:30 14.11.2015
[14.11.15 18:11:15:036]  INFO impl.KrateisCubeEvent: KrateisCubeEvent: Krateis Cube 76-79 Level time - 18:30 14.11.2015
[14.11.15 18:11:15:036]  INFO impl.KrateisCubeEvent: KrateisCubeEvent: Krateis Cube 80-85 Level time - 18:30 14.11.2015
[14.11.15 18:11:15:036]  INFO gameserver.GameServer: ==================================================
[14.11.15 18:11:15:039]  INFO instancemanager.CastleManorManager: Manor System: Initializing...
[14.11.15 18:11:15:043]  INFO gameserver.GameServer: IdFactory: Free ObjectID's remaining: 1879000226
[14.11.15 18:11:15:098]  INFO instancemanager.HellboundManager: HellboundManager: Loaded 335 spawn entries.
[14.11.15 18:11:15:147]  INFO instancemanager.HellboundManager: HellboundManager: Spawned 623 mobs and NPCs according to the current Hellbound stage
[14.11.15 18:11:15:151]  INFO instancemanager.HellboundManager: Hellbound Manager: Loaded
[14.11.15 18:11:15:152]  INFO naia.NaiaTowerManager: Naia Core Manager: Loaded
[14.11.15 18:11:15:156]  INFO instancemanager.SoDManager: Seed of Destruction Manager: Loaded
[14.11.15 18:11:15:157]  INFO instancemanager.SoIManager: Seed of Infinity Manager: Loaded. Current stage is: 1
[14.11.15 18:11:15:158]  INFO instancemanager.SpawnManager: SpawnManager: spawned 4 npc; spawns: 4; group: soi_world_mouths
[14.11.15 18:11:15:158]  INFO instancemanager.SpawnManager: SpawnManager: spawned 1 npc; spawns: 1; group: soi_world_abyssgaze2
[14.11.15 18:11:15:159]  INFO instancemanager.BloodAltarManager: Blood Altar Manager: Initializing...
[14.11.15 18:11:15:161]  INFO instancemanager.SpawnManager: SpawnManager: spawned 51 npc; spawns: 51; group: bloodaltar_alive_npc
[14.11.15 18:11:15:164]  INFO instancemanager.ExchangeBroker: ExchangeBroker: Loaded 0 items for sale
[14.11.15 18:11:15:176]  INFO gameserver.A: Scheduled server restart in 10h 48m 45s.
[14.11.15 18:11:15:178]  INFO gameserver.GameServer: GameServer Started
[14.11.15 18:11:15:178]  INFO gameserver.GameServer: Maximum Numbers of Connected Players: 1000
[14.11.15 18:11:15:430]  INFO loginservercon.AuthServerCommunication: Connecting to authserver on 127.0.0.1:9014
[14.11.15 18:11:15:432]  INFO instancemanager.AutoAnnounce: AutoAnnounce: Initializing
[14.11.15 18:11:15:433]  INFO instancemanager.AutoAnnounce: AutoAnnounce: Load OK
[14.11.15 18:11:15:434]  INFO instancemanager.AutoAnnounce: AutoAnnounce: Loaded 1 announce.
[14.11.15 18:11:15:493]  INFO lspackets.AuthResponse: Registered on authserver as 1 [Bartz]
[14.11.15 18:11:15:503]  INFO instancemanager.SpawnManager: SpawnManager: spawned 443 npc; spawns: 121; group: DAY
[14.11.15 18:11:15:507]  INFO instancemanager.SpawnManager: SpawnManager: spawned 653 npc; spawns: 429; group: dawn_spawn
[14.11.15 18:11:15:584]  INFO instancemanager.SpawnManager: SpawnManager: spawned 653 npc; spawns: 429; group: dusk_spawn
[14.11.15 18:11:15:587]  INFO gameserver.GameServer: Telnet server is currently disabled.
[14.11.15 18:11:15:587]  INFO gameserver.GameServer: =================================================
[14.11.15 18:11:15:601]  INFO gameserver.GameServer: AllowedMemory: ........... 3728384 KB
[14.11.15 18:11:15:601]  INFO gameserver.GameServer:      Allocated: .......... 2205696 KB (59.1596%)
[14.11.15 18:11:15:604]  INFO gameserver.GameServer:      Non-Allocated: ...... 1522688 KB (40.8404%)
[14.11.15 18:11:15:604]  INFO gameserver.GameServer: AllocatedMemory: ......... 2205696 KB
[14.11.15 18:11:15:605]  INFO gameserver.GameServer:      Used: ............... 1913461 KB (51.3215%)
[14.11.15 18:11:15:605]  INFO gameserver.GameServer:      Unused (cached): .... 292234 KB (7.8381%)
[14.11.15 18:11:15:606]  INFO gameserver.GameServer: UseableMemory: ........... 1814922 KB (48.6785%)
[14.11.15 18:11:15:606]  INFO gameserver.GameServer: =================================================
[14.11.15 18:11:15:628]  INFO ftGuard.ftGuard: Loading First Guard configuration...
[14.11.15 18:11:45:471]  INFO tasks.RestoreOfflineTraders: Restored 1 offline traders
